\BOOKMARK [0][-]{chapter*.2}{\376\377\000A\000b\000s\000t\000r\000a\000c\000t}{}% 1
\BOOKMARK [0][-]{chapter*.3}{\376\377\000A\000c\000k\000n\000o\000w\000l\000e\000d\000g\000e\000m\000e\000n\000t}{}% 2
\BOOKMARK [0][-]{chapter*.4}{\376\377\000A\000c\000r\000o\000n\000y\000m\000s}{}% 3
\BOOKMARK [0][-]{chapter*.5}{\376\377\000S\000y\000m\000b\000o\000l\000s}{}% 4
\BOOKMARK [0][-]{chapter*.5}{\376\377\000L\000i\000s\000t\000\040\000o\000f\000\040\000F\000i\000g\000u\000r\000e\000s}{}% 5
\BOOKMARK [0][-]{chapter*.6}{\376\377\000L\000i\000s\000t\000\040\000o\000f\000\040\000T\000a\000b\000l\000e\000s}{}% 6
\BOOKMARK [0][-]{chapter.8}{\376\377\000I\000n\000t\000r\000o\000d\000u\000c\000t\000i\000o\000n}{}% 7
\BOOKMARK [1][-]{section.9}{\376\377\000M\000o\000t\000i\000v\000a\000t\000i\000o\000n\000s}{chapter.8}% 8
\BOOKMARK [1][-]{section.10}{\376\377\000O\000b\000j\000e\000c\000t\000i\000v\000e\000s\000\040\000a\000n\000d\000\040\000S\000c\000o\000p\000e}{chapter.8}% 9
\BOOKMARK [1][-]{section.11}{\376\377\000O\000r\000g\000a\000n\000i\000s\000a\000t\000i\000o\000n\000\040\000o\000f\000\040\000R\000e\000p\000o\000r\000t}{chapter.8}% 10
\BOOKMARK [0][-]{chapter.12}{\376\377\000L\000i\000t\000e\000r\000a\000t\000u\000r\000e\000\040\000R\000e\000v\000i\000e\000w}{}% 11
\BOOKMARK [1][-]{section.13}{\376\377\000T\000r\000a\000n\000s\000f\000o\000r\000m\000e\000r\000\040\000M\000o\000d\000e\000l\000\040\000A\000r\000c\000h\000i\000t\000e\000c\000t\000u\000r\000e}{chapter.12}% 12
\BOOKMARK [1][-]{section.14}{\376\377\000T\000i\000n\000y\000L\000l\000a\000m\000a\000\040\000M\000o\000d\000e\000l\000\040\000A\000r\000c\000h\000i\000t\000e\000c\000t\000u\000r\000e}{chapter.12}% 13
\BOOKMARK [2][-]{subsection.16}{\376\377\000T\000o\000k\000e\000n\000\040\000E\000m\000b\000e\000d\000d\000i\000n\000g\000s}{section.14}% 14
\BOOKMARK [2][-]{subsection.18}{\376\377\000R\000o\000t\000a\000r\000y\000\040\000P\000o\000s\000i\000t\000i\000o\000n\000a\000l\000\040\000E\000m\000b\000e\000d\000d\000i\000n\000g}{section.14}% 15
\BOOKMARK [2][-]{subsection.21}{\376\377\000R\000M\000S\000N\000o\000r\000m}{section.14}% 16
\BOOKMARK [2][-]{subsection.25}{\376\377\000G\000r\000o\000u\000p\000e\000d\000-\000Q\000u\000e\000r\000y\000\040\000S\000e\000l\000f\000-\000A\000t\000t\000e\000n\000t\000i\000o\000n}{section.14}% 17
\BOOKMARK [2][-]{subsection.31}{\376\377\000S\000o\000f\000t\000m\000a\000x}{section.14}% 18
\BOOKMARK [2][-]{subsection.34}{\376\377\000S\000w\000i\000G\000L\000U\000\040\000F\000e\000e\000d\000-\000F\000o\000r\000w\000a\000r\000d\000\040\000N\000e\000t\000w\000o\000r\000k}{section.14}% 19
\BOOKMARK [1][-]{section.38}{\376\377\000E\000f\000f\000i\000c\000i\000e\000n\000t\000\040\000A\000t\000t\000e\000n\000t\000i\000o\000n\000\040\000M\000e\000c\000h\000a\000n\000i\000s\000m\000s}{chapter.12}% 20
\BOOKMARK [2][-]{subsection.39}{\376\377\000S\000p\000a\000r\000s\000e\000\040\000T\000r\000a\000n\000s\000f\000o\000r\000m\000e\000r}{section.38}% 21
\BOOKMARK [2][-]{subsection.41}{\376\377\000B\000l\000o\000c\000k\000B\000E\000R\000T}{section.38}% 22
\BOOKMARK [2][-]{subsection.42}{\376\377\000P\000e\000r\000f\000o\000r\000m\000e\000r}{section.38}% 23
\BOOKMARK [2][-]{subsection.44}{\376\377\000L\000i\000n\000e\000a\000r\000\040\000T\000r\000a\000n\000s\000f\000o\000r\000m\000e\000r}{section.38}% 24
\BOOKMARK [1][-]{section.45}{\376\377\000F\000P\000G\000A\000\040\000A\000c\000c\000e\000l\000e\000r\000a\000t\000i\000o\000n\000\040\000o\000f\000\040\000N\000e\000u\000r\000a\000l\000\040\000N\000e\000t\000w\000o\000r\000k\000s}{chapter.12}% 25
\BOOKMARK [1][-]{section.46}{\376\377\000Q\000u\000a\000n\000t\000i\000s\000a\000t\000i\000o\000n\000\040\000f\000o\000r\000\040\000E\000f\000f\000i\000c\000i\000e\000n\000t\000\040\000I\000n\000f\000e\000r\000e\000n\000c\000e}{chapter.12}% 26
\BOOKMARK [1][-]{section.47}{\376\377\000H\000L\000S\000-\000B\000a\000s\000e\000d\000\040\000H\000a\000r\000d\000w\000a\000r\000e\000\040\000D\000e\000s\000i\000g\000n}{chapter.12}% 27
\BOOKMARK [2][-]{subsection.48}{\376\377\000P\000i\000p\000e\000l\000i\000n\000i\000n\000g\000\040\000a\000n\000d\000\040\000t\000h\000e\000\040\000I\000n\000i\000t\000i\000a\000t\000i\000o\000n\000\040\000I\000n\000t\000e\000r\000v\000a\000l}{section.47}% 28
\BOOKMARK [2][-]{subsection.51}{\376\377\000S\000c\000a\000l\000i\000n\000g\000\040\000T\000r\000a\000n\000s\000f\000o\000r\000m\000a\000t\000i\000o\000n\000s\000:\000\040\000U\000n\000r\000o\000l\000l\000i\000n\000g\000\040\000a\000n\000d\000\040\000D\000a\000t\000a\000f\000l\000o\000w}{section.47}% 29
\BOOKMARK [2][-]{subsection.53}{\376\377\000M\000e\000m\000o\000r\000y\000\040\000T\000r\000a\000n\000s\000f\000o\000r\000m\000a\000t\000i\000o\000n\000s}{section.47}% 30
\BOOKMARK [0][-]{chapter.54}{\376\377\000S\000y\000s\000t\000e\000m\000\040\000A\000r\000c\000h\000i\000t\000e\000c\000t\000u\000r\000e\000\040\000a\000n\000d\000\040\000D\000e\000s\000i\000g\000n}{}% 31
\BOOKMARK [1][-]{section.55}{\376\377\000T\000o\000p\000-\000L\000e\000v\000e\000l\000\040\000S\000y\000s\000t\000e\000m\000\040\000O\000v\000e\000r\000v\000i\000e\000w}{chapter.54}% 32
\BOOKMARK [1][-]{section.56}{\376\377\000H\000a\000r\000d\000w\000a\000r\000e\000/\000S\000o\000f\000t\000w\000a\000r\000e\000\040\000P\000a\000r\000t\000i\000t\000i\000o\000n\000i\000n\000g}{chapter.54}% 33
\BOOKMARK [1][-]{section.58}{\376\377\000M\000e\000m\000o\000r\000y\000\040\000A\000r\000c\000h\000i\000t\000e\000c\000t\000u\000r\000e}{chapter.54}% 34
\BOOKMARK [1][-]{section.60}{\376\377\000Q\000u\000a\000n\000t\000i\000s\000a\000t\000i\000o\000n\000\040\000S\000c\000h\000e\000m\000e}{chapter.54}% 35
\BOOKMARK [0][-]{chapter.63}{\376\377\000I\000n\000t\000r\000o\000d\000u\000c\000t\000i\000o\000n}{}% 36
\BOOKMARK [1][-]{section.64}{\376\377\000M\000o\000t\000i\000v\000a\000t\000i\000o\000n\000s}{chapter.63}% 37
\BOOKMARK [1][-]{section.65}{\376\377\000O\000b\000j\000e\000c\000t\000i\000v\000e\000s\000\040\000a\000n\000d\000\040\000S\000c\000o\000p\000e}{chapter.63}% 38
\BOOKMARK [1][-]{section.66}{\376\377\000O\000r\000g\000a\000n\000i\000s\000a\000t\000i\000o\000n\000\040\000o\000f\000\040\000R\000e\000p\000o\000r\000t}{chapter.63}% 39
\BOOKMARK [0][-]{chapter.67}{\376\377\000I\000m\000p\000l\000e\000m\000e\000n\000t\000a\000t\000i\000o\000n}{}% 40
\BOOKMARK [1][-]{section.69}{\376\377\000R\000M\000S\000N\000o\000r\000m}{chapter.67}% 41
\BOOKMARK [2][-]{subsection.70}{\376\377\000I\000m\000p\000l\000e\000m\000e\000n\000t\000a\000t\000i\000o\000n}{section.69}% 42
\BOOKMARK [2][-]{subsection.102}{\376\377\000C\000-\000S\000i\000m\000u\000l\000a\000t\000i\000o\000n\000\040\000R\000e\000s\000u\000l\000t\000s}{section.69}% 43
\BOOKMARK [2][-]{subsection.104}{\376\377\000H\000L\000S\000\040\000S\000y\000n\000t\000h\000e\000s\000i\000s\000\040\000R\000e\000s\000u\000l\000t\000s}{section.69}% 44
\BOOKMARK [2][-]{subsection.109}{\376\377\000F\000u\000l\000l\000\040\000T\000i\000n\000y\000L\000l\000a\000m\000a\000\040\000S\000c\000a\000l\000e}{section.69}% 45
\BOOKMARK [1][-]{section.151}{\376\377\000Q\000u\000a\000n\000t\000i\000s\000a\000t\000i\000o\000n}{chapter.67}% 46
\BOOKMARK [2][-]{subsection.152}{\376\377\000I\000m\000p\000l\000e\000m\000e\000n\000t\000a\000t\000i\000o\000n}{section.151}% 47
\BOOKMARK [2][-]{subsection.175}{\376\377\000C\000-\000S\000i\000m\000u\000l\000a\000t\000i\000o\000n\000\040\000R\000e\000s\000u\000l\000t\000s}{section.151}% 48
\BOOKMARK [2][-]{subsection.177}{\376\377\000H\000L\000S\000\040\000S\000y\000n\000t\000h\000e\000s\000i\000s\000\040\000R\000e\000s\000u\000l\000t\000s}{section.151}% 49
\BOOKMARK [2][-]{subsection.182}{\376\377\000F\000u\000l\000l\000\040\000T\000i\000n\000y\000L\000l\000a\000m\000a\000\040\000S\000c\000a\000l\000e}{section.151}% 50
\BOOKMARK [1][-]{section.228}{\376\377\000D\000e\000q\000u\000a\000n\000t\000i\000s\000a\000t\000i\000o\000n}{chapter.67}% 51
\BOOKMARK [2][-]{subsection.229}{\376\377\000I\000m\000p\000l\000e\000m\000e\000n\000t\000a\000t\000i\000o\000n}{section.228}% 52
\BOOKMARK [2][-]{subsection.239}{\376\377\000C\000-\000S\000i\000m\000u\000l\000a\000t\000i\000o\000n\000\040\000R\000e\000s\000u\000l\000t\000s}{section.228}% 53
\BOOKMARK [2][-]{subsection.241}{\376\377\000H\000L\000S\000\040\000S\000y\000n\000t\000h\000e\000s\000i\000s\000\040\000R\000e\000s\000u\000l\000t\000s}{section.228}% 54
\BOOKMARK [2][-]{subsection.246}{\376\377\000F\000u\000l\000l\000\040\000T\000i\000n\000y\000L\000l\000a\000m\000a\000\040\000S\000c\000a\000l\000e}{section.228}% 55
\BOOKMARK [1][-]{section.263}{\376\377\000M\000a\000t\000r\000i\000x\040\023\000V\000e\000c\000t\000o\000r\000\040\000M\000u\000l\000t\000i\000p\000l\000i\000c\000a\000t\000i\000o\000n}{chapter.67}% 56
\BOOKMARK [2][-]{subsection.264}{\376\377\000I\000m\000p\000l\000e\000m\000e\000n\000t\000a\000t\000i\000o\000n}{section.263}% 57
\BOOKMARK [2][-]{subsection.286}{\376\377\000C\000-\000S\000i\000m\000u\000l\000a\000t\000i\000o\000n\000\040\000R\000e\000s\000u\000l\000t\000s}{section.263}% 58
\BOOKMARK [2][-]{subsection.288}{\376\377\000H\000L\000S\000\040\000S\000y\000n\000t\000h\000e\000s\000i\000s\000\040\000R\000e\000s\000u\000l\000t\000s}{section.263}% 59
\BOOKMARK [2][-]{subsection.293}{\376\377\000F\000u\000l\000l\000\040\000T\000i\000n\000y\000L\000l\000a\000m\000a\000\040\000S\000c\000a\000l\000e\000:\000\040\000T\000i\000l\000e\000d\000\040\000I\000m\000p\000l\000e\000m\000e\000n\000t\000a\000t\000i\000o\000n}{section.263}% 60
\BOOKMARK [1][-]{section.341}{\376\377\000S\000o\000f\000t\000m\000a\000x}{chapter.67}% 61
\BOOKMARK [2][-]{subsection.342}{\376\377\000I\000m\000p\000l\000e\000m\000e\000n\000t\000a\000t\000i\000o\000n}{section.341}% 62
\BOOKMARK [2][-]{subsection.376}{\376\377\000C\000-\000S\000i\000m\000u\000l\000a\000t\000i\000o\000n\000\040\000R\000e\000s\000u\000l\000t\000s}{section.341}% 63
\BOOKMARK [2][-]{subsection.378}{\376\377\000H\000L\000S\000\040\000S\000y\000n\000t\000h\000e\000s\000i\000s\000\040\000R\000e\000s\000u\000l\000t\000s}{section.341}% 64
\BOOKMARK [2][-]{subsection.383}{\376\377\000I\000t\000e\000r\000a\000t\000i\000o\000n\000\040\0003\000:\000\040\000S\000u\000m\000\040\000L\000o\000o\000p\000\040\000U\000n\000r\000o\000l\000l}{section.341}% 65
\BOOKMARK [2][-]{subsection.389}{\376\377\000I\000t\000e\000r\000a\000t\000i\000o\000n\000\040\0004\000:\000\040\000I\000-\000B\000E\000R\000T\000\040\000I\000n\000t\000e\000g\000e\000r\000\040\000S\000o\000f\000t\000m\000a\000x}{section.341}% 66
\BOOKMARK [2][-]{subsection.398}{\376\377\000I\000t\000e\000r\000a\000t\000i\000o\000n\000\040\0006\000:\000\040\000F\000u\000l\000l\000\040\000T\000i\000n\000y\000L\000l\000a\000m\000a\000\040\000S\000c\000a\000l\000e}{section.341}% 67
\BOOKMARK [1][-]{section.456}{\376\377\000G\000r\000o\000u\000p\000e\000d\000-\000Q\000u\000e\000r\000y\000\040\000A\000t\000t\000e\000n\000t\000i\000o\000n}{chapter.67}% 68
\BOOKMARK [2][-]{subsection.457}{\376\377\000B\000a\000s\000e\000l\000i\000n\000e\000:\000\040\000F\000l\000o\000a\000t\000i\000n\000g\000-\000P\000o\000i\000n\000t\000\040\000A\000t\000t\000e\000n\000t\000i\000o\000n}{section.456}% 69
\BOOKMARK [2][-]{subsection.491}{\376\377\000R\000e\000f\000i\000n\000e\000d\000:\000\040\000P\000e\000r\000-\000H\000e\000a\000d\000\040\000I\000N\000T\0008\000\040\000A\000t\000t\000e\000n\000t\000i\000o\000n}{section.456}% 70
\BOOKMARK [2][-]{subsection.528}{\376\377\000I\000t\000e\000r\000a\000t\000i\000o\000n\000\040\0003\000:\000\040\000I\000N\000T\0008\000\040\000K\000V\000\040\000C\000a\000c\000h\000e}{section.456}% 71
\BOOKMARK [2][-]{subsection.562}{\376\377\000I\000t\000e\000r\000a\000t\000i\000o\000n\000\040\0004\000:\000\040\000I\000-\000B\000E\000R\000T\000\040\000I\000n\000t\000e\000g\000e\000r\000\040\000S\000o\000f\000t\000m\000a\000x\000\040\000A\000t\000t\000e\000n\000t\000i\000o\000n}{section.456}% 72
\BOOKMARK [2][-]{subsection.569}{\376\377\000I\000t\000e\000r\000a\000t\000i\000o\000n\000\040\0006\000:\000\040\000F\000u\000l\000l\000\040\000T\000i\000n\000y\000L\000l\000a\000m\000a\000\040\000S\000c\000a\000l\000e}{section.456}% 73
\BOOKMARK [1][-]{section.647}{\376\377\000S\000w\000i\000G\000L\000U\000\040\000F\000e\000e\000d\000-\000F\000o\000r\000w\000a\000r\000d\000\040\000N\000e\000t\000w\000o\000r\000k}{chapter.67}% 74
\BOOKMARK [2][-]{subsection.648}{\376\377\000I\000m\000p\000l\000e\000m\000e\000n\000t\000a\000t\000i\000o\000n}{section.647}% 75
\BOOKMARK [2][-]{subsection.649}{\376\377\000C\000-\000S\000i\000m\000u\000l\000a\000t\000i\000o\000n\000\040\000R\000e\000s\000u\000l\000t\000s}{section.647}% 76
\BOOKMARK [2][-]{subsection.651}{\376\377\000H\000L\000S\000\040\000S\000y\000n\000t\000h\000e\000s\000i\000s\000\040\000R\000e\000s\000u\000l\000t\000s}{section.647}% 77
\BOOKMARK [2][-]{subsection.656}{\376\377\000F\000u\000l\000l\000\040\000T\000i\000n\000y\000L\000l\000a\000m\000a\000\040\000S\000c\000a\000l\000e}{section.647}% 78
\BOOKMARK [1][-]{section.695}{\376\377\000T\000o\000p\000-\000L\000e\000v\000e\000l\000\040\000F\000o\000r\000w\000a\000r\000d\000\040\000F\000u\000n\000c\000t\000i\000o\000n}{chapter.67}% 79
\BOOKMARK [2][-]{subsection.696}{\376\377\000A\000X\000I\000\040\000I\000n\000t\000e\000r\000f\000a\000c\000e\000\040\000a\000n\000d\000\040\000B\000u\000f\000f\000e\000r\000\040\000L\000a\000y\000o\000u\000t}{section.695}% 80
\BOOKMARK [2][-]{subsection.698}{\376\377\000L\000a\000y\000e\000r\000\040\000L\000o\000o\000p\000\040\000a\000n\000d\000\040\000K\000V\000\040\000C\000a\000c\000h\000e\000\040\000M\000a\000n\000a\000g\000e\000m\000e\000n\000t}{section.695}% 81
\BOOKMARK [2][-]{subsection.699}{\376\377\000K\000n\000o\000w\000n\000\040\000L\000i\000m\000i\000t\000a\000t\000i\000o\000n\000s\000\040\000a\000n\000d\000\040\000D\000e\000s\000i\000g\000n\000\040\000D\000e\000c\000i\000s\000i\000o\000n\000s}{section.695}% 82
\BOOKMARK [0][-]{chapter.700}{\376\377\000R\000e\000s\000u\000l\000t\000s\000\040\000a\000n\000d\000\040\000D\000i\000s\000c\000u\000s\000s\000i\000o\000n}{}% 83
\BOOKMARK [1][-]{section.701}{\376\377\000E\000x\000p\000e\000r\000i\000m\000e\000n\000t\000a\000l\000\040\000S\000e\000t\000u\000p}{chapter.700}% 84
\BOOKMARK [1][-]{section.702}{\376\377\000H\000L\000S\000\040\000S\000y\000n\000t\000h\000e\000s\000i\000s\000\040\000R\000e\000s\000u\000l\000t\000s}{chapter.700}% 85
\BOOKMARK [2][-]{subsection.703}{\376\377\000F\000u\000l\000l\000\040\000F\000o\000r\000w\000a\000r\000d\000\040\000K\000e\000r\000n\000e\000l}{section.702}% 86
\BOOKMARK [2][-]{subsection.707}{\376\377\000L\000a\000t\000e\000n\000c\000y\000\040\000B\000r\000e\000a\000k\000d\000o\000w\000n}{section.702}% 87
\BOOKMARK [1][-]{section.710}{\376\377\000F\000u\000n\000c\000t\000i\000o\000n\000a\000l\000\040\000V\000e\000r\000i\000f\000i\000c\000a\000t\000i\000o\000n}{chapter.700}% 88
\BOOKMARK [2][-]{subsection.711}{\376\377\000P\000r\000i\000m\000i\000t\000i\000v\000e\000-\000L\000e\000v\000e\000l\000\040\000C\000-\000S\000i\000m\000u\000l\000a\000t\000i\000o\000n}{section.710}% 89
\BOOKMARK [2][-]{subsection.713}{\376\377\000E\000n\000d\000-\000t\000o\000-\000E\000n\000d\000\040\000S\000t\000r\000e\000s\000s\000\040\000T\000e\000s\000t}{section.710}% 90
\BOOKMARK [1][-]{section.715}{\376\377\000I\000n\000f\000e\000r\000e\000n\000c\000e\000\040\000P\000e\000r\000f\000o\000r\000m\000a\000n\000c\000e}{chapter.700}% 91
\BOOKMARK [1][-]{section.717}{\376\377\000D\000i\000s\000c\000u\000s\000s\000i\000o\000n}{chapter.700}% 92
\BOOKMARK [2][-]{subsection.718}{\376\377\000B\000o\000t\000t\000l\000e\000n\000e\000c\000k\000\040\000A\000n\000a\000l\000y\000s\000i\000s}{section.717}% 93
\BOOKMARK [2][-]{subsection.719}{\376\377\000A\000c\000c\000u\000r\000a\000c\000y\000\040\000C\000h\000a\000r\000a\000c\000t\000e\000r\000i\000s\000a\000t\000i\000o\000n}{section.717}% 94
\BOOKMARK [2][-]{subsection.720}{\376\377\000D\000e\000s\000i\000g\000n\000\040\000L\000i\000m\000i\000t\000a\000t\000i\000o\000n\000s}{section.717}% 95
\BOOKMARK [0][-]{chapter.721}{\376\377\000C\000o\000n\000c\000l\000u\000s\000i\000o\000n\000\040\000a\000n\000d\000\040\000F\000u\000t\000u\000r\000e\000\040\000W\000o\000r\000k}{}% 96
\BOOKMARK [1][-]{section.722}{\376\377\000C\000o\000n\000c\000l\000u\000s\000i\000o\000n}{chapter.721}% 97
\BOOKMARK [1][-]{section.723}{\376\377\000R\000e\000c\000o\000m\000m\000e\000n\000d\000a\000t\000i\000o\000n\000s\000\040\000f\000o\000r\000\040\000F\000u\000t\000u\000r\000e\000\040\000W\000o\000r\000k}{chapter.721}% 98
\BOOKMARK [0][-]{chapter*.724}{\376\377\000R\000e\000f\000l\000e\000c\000t\000i\000o\000n\000\040\000o\000n\000\040\000L\000e\000a\000r\000n\000i\000n\000g\000\040\000O\000u\000t\000c\000o\000m\000e\000\040\000A\000t\000t\000a\000i\000n\000m\000e\000n\000t}{}% 99
\BOOKMARK [0][-]{chapter*.725}{\376\377\000A\000c\000k\000n\000o\000w\000l\000e\000d\000g\000i\000n\000g\000/\000D\000e\000c\000l\000a\000r\000i\000n\000g\000\040\000t\000h\000e\000\040\000U\000s\000e\000\040\000o\000f\000\040\000G\000A\000I}{}% 100
\BOOKMARK [0][-]{chapter*.726}{\376\377\000R\000e\000f\000e\000r\000e\000n\000c\000e\000s}{}% 101
\BOOKMARK [0][-]{appendix.727}{\376\377\000H\000L\000S\000\040\000K\000e\000r\000n\000e\000l\000\040\000S\000o\000u\000r\000c\000e\000\040\000C\000o\000d\000e}{}% 102
