This is pdfTeX, Version 3.141592653-2.6-1.40.28 (TeX Live 2025) (preloaded format=pdflatex 2026.3.1)  27 MAR 2026 12:05
entering extended mode
 restricted \write18 enabled.
 file:line:error style messages enabled.
 %&-line parsing enabled.
**c:/Users/aaron/Downloads/submission-main_clone_fypp/tinyllama-fpga-report/FYP
(c:/Users/aaron/Downloads/submission-main_clone_fypp/tinyllama-fpga-report/FYP.tex
LaTeX2e <2025-11-01>
L3 programming layer <2026-01-19>
(c:/texlive/2025/texmf-dist/tex/latex/extsizes/extreport.cls
Document Class: extreport 1996/10/08 v1.0 Non Standard LaTeX document class
(c:/texlive/2025/texmf-dist/tex/latex/base/size12.clo
File: size12.clo 2025/01/22 v1.4n Standard LaTeX file (size option)
) (c:/texlive/2025/texmf-dist/tex/latex/base/exscale.sty
Package: exscale 2025/06/05 v2.1i Standard LaTeX package exscale
LaTeX Font Info:    Redeclaring symbol font `largesymbols' on input line 57.
LaTeX Font Info:    Overwriting symbol font `largesymbols' in version `normal'
(Font)                  OMX/cmex/m/n --> OMX/cmex/m/n on input line 57.
LaTeX Font Info:    Overwriting symbol font `largesymbols' in version `bold'
(Font)                  OMX/cmex/m/n --> OMX/cmex/m/n on input line 57.
\big@size=\dimen148
)
\c@part=\count275
\c@chapter=\count276
\c@section=\count277
\c@subsection=\count278
\c@subsubsection=\count279
\c@paragraph=\count280
\c@subparagraph=\count281
\c@figure=\count282
\c@table=\count283
\abovecaptionskip=\skip49
\belowcaptionskip=\skip50
\bibindent=\dimen149
) (c:/texlive/2025/texmf-dist/tex/latex/psnfss/mathptmx.sty
Package: mathptmx 2020/03/25 PSNFSS-v9.3 Times w/ Math, improved (SPQR, WaS) 
LaTeX Font Info:    Redeclaring symbol font `operators' on input line 28.
LaTeX Font Info:    Overwriting symbol font `operators' in version `normal'
(Font)                  OT1/cmr/m/n --> OT1/ztmcm/m/n on input line 28.
LaTeX Font Info:    Overwriting symbol font `operators' in version `bold'
(Font)                  OT1/cmr/bx/n --> OT1/ztmcm/m/n on input line 28.
LaTeX Font Info:    Redeclaring symbol font `letters' on input line 29.
LaTeX Font Info:    Overwriting symbol font `letters' in version `normal'
(Font)                  OML/cmm/m/it --> OML/ztmcm/m/it on input line 29.
LaTeX Font Info:    Overwriting symbol font `letters' in version `bold'
(Font)                  OML/cmm/b/it --> OML/ztmcm/m/it on input line 29.
LaTeX Font Info:    Redeclaring symbol font `symbols' on input line 30.
LaTeX Font Info:    Overwriting symbol font `symbols' in version `normal'
(Font)                  OMS/cmsy/m/n --> OMS/ztmcm/m/n on input line 30.
LaTeX Font Info:    Overwriting symbol font `symbols' in version `bold'
(Font)                  OMS/cmsy/b/n --> OMS/ztmcm/m/n on input line 30.
LaTeX Font Info:    Redeclaring symbol font `largesymbols' on input line 31.
LaTeX Font Info:    Overwriting symbol font `largesymbols' in version `normal'
(Font)                  OMX/cmex/m/n --> OMX/ztmcm/m/n on input line 31.
LaTeX Font Info:    Overwriting symbol font `largesymbols' in version `bold'
(Font)                  OMX/cmex/m/n --> OMX/ztmcm/m/n on input line 31.
\symbold=\mathgroup4
\symitalic=\mathgroup5
LaTeX Font Info:    Redeclaring math alphabet \mathbf on input line 34.
LaTeX Font Info:    Overwriting math alphabet `\mathbf' in version `normal'
(Font)                  OT1/cmr/bx/n --> OT1/ptm/bx/n on input line 34.
LaTeX Font Info:    Overwriting math alphabet `\mathbf' in version `bold'
(Font)                  OT1/cmr/bx/n --> OT1/ptm/bx/n on input line 34.
LaTeX Font Info:    Redeclaring math alphabet \mathit on input line 35.
LaTeX Font Info:    Overwriting math alphabet `\mathit' in version `normal'
(Font)                  OT1/cmr/m/it --> OT1/ptm/m/it on input line 35.
LaTeX Font Info:    Overwriting math alphabet `\mathit' in version `bold'
(Font)                  OT1/cmr/bx/it --> OT1/ptm/m/it on input line 35.
LaTeX Info: Redefining \hbar on input line 50.
) (c:/texlive/2025/texmf-dist/tex/latex/geometry/geometry.sty
Package: geometry 2020/01/02 v5.9 Page Geometry
 (c:/texlive/2025/texmf-dist/tex/latex/graphics/keyval.sty
Package: keyval 2022/05/29 v1.15 key=value parser (DPC)
\KV@toks@=\toks17
) (c:/texlive/2025/texmf-dist/tex/generic/iftex/ifvtex.sty
Package: ifvtex 2019/10/25 v1.7 ifvtex legacy package. Use iftex instead.
 (c:/texlive/2025/texmf-dist/tex/generic/iftex/iftex.sty
Package: iftex 2024/12/12 v1.0g TeX engine tests
))
\Gm@cnth=\count284
\Gm@cntv=\count285
\c@Gm@tempcnt=\count286
\Gm@bindingoffset=\dimen150
\Gm@wd@mp=\dimen151
\Gm@odd@mp=\dimen152
\Gm@even@mp=\dimen153
\Gm@layoutwidth=\dimen154
\Gm@layoutheight=\dimen155
\Gm@layouthoffset=\dimen156
\Gm@layoutvoffset=\dimen157
\Gm@dimlist=\toks18
) (c:/texlive/2025/texmf-dist/tex/latex/setspace/setspace.sty
Package: setspace 2022/12/04 v6.7b set line spacing
) (c:/texlive/2025/texmf-dist/tex/latex/amsmath/amsmath.sty
Package: amsmath 2025/07/09 v2.17z AMS math features
\@mathmargin=\skip51

For additional information on amsmath, use the `?' option.
(c:/texlive/2025/texmf-dist/tex/latex/amsmath/amstext.sty
Package: amstext 2024/11/17 v2.01 AMS text
 (c:/texlive/2025/texmf-dist/tex/latex/amsmath/amsgen.sty
File: amsgen.sty 1999/11/30 v2.0 generic functions
\@emptytoks=\toks19
\ex@=\dimen158
)) (c:/texlive/2025/texmf-dist/tex/latex/amsmath/amsbsy.sty
Package: amsbsy 1999/11/29 v1.2d Bold Symbols
\pmbraise@=\dimen159
) (c:/texlive/2025/texmf-dist/tex/latex/amsmath/amsopn.sty
Package: amsopn 2022/04/08 v2.04 operator names
)
\inf@bad=\count287
LaTeX Info: Redefining \frac on input line 233.
\uproot@=\count288
\leftroot@=\count289
LaTeX Info: Redefining \overline on input line 398.
LaTeX Info: Redefining \colon on input line 409.
\classnum@=\count290
\DOTSCASE@=\count291
LaTeX Info: Redefining \ldots on input line 495.
LaTeX Info: Redefining \dots on input line 498.
LaTeX Info: Redefining \cdots on input line 619.
\Mathstrutbox@=\box53
\strutbox@=\box54
LaTeX Info: Redefining \big on input line 721.
LaTeX Info: Redefining \Big on input line 722.
LaTeX Info: Redefining \bigg on input line 723.
LaTeX Info: Redefining \Bigg on input line 724.
\big@size=\dimen160
LaTeX Font Info:    Redeclaring font encoding OML on input line 742.
LaTeX Font Info:    Redeclaring font encoding OMS on input line 743.
\macc@depth=\count292
LaTeX Info: Redefining \bmod on input line 904.
LaTeX Info: Redefining \pmod on input line 909.
LaTeX Info: Redefining \smash on input line 939.
LaTeX Info: Redefining \relbar on input line 969.
LaTeX Info: Redefining \Relbar on input line 970.
\c@MaxMatrixCols=\count293
\dotsspace@=\muskip17
\c@parentequation=\count294
\dspbrk@lvl=\count295
\tag@help=\toks20
\row@=\count296
\column@=\count297
\maxfields@=\count298
\andhelp@=\toks21
\eqnshift@=\dimen161
\alignsep@=\dimen162
\tagshift@=\dimen163
\tagwidth@=\dimen164
\totwidth@=\dimen165
\lineht@=\dimen166
\@envbody=\toks22
\multlinegap=\skip52
\multlinetaggap=\skip53
\mathdisplay@stack=\toks23
LaTeX Info: Redefining \[ on input line 2950.
LaTeX Info: Redefining \] on input line 2951.
) (c:/texlive/2025/texmf-dist/tex/latex/amsfonts/amssymb.sty
Package: amssymb 2013/01/14 v3.01 AMS font symbols
 (c:/texlive/2025/texmf-dist/tex/latex/amsfonts/amsfonts.sty
Package: amsfonts 2013/01/14 v3.01 Basic AMSFonts support
\symAMSa=\mathgroup6
\symAMSb=\mathgroup7
LaTeX Font Info:    Overwriting math alphabet `\mathfrak' in version `bold'
(Font)                  U/euf/m/n --> U/euf/b/n on input line 106.
)) (c:/texlive/2025/texmf-dist/tex/latex/tools/bm.sty
Package: bm 2025/10/21 v1.2g Bold Symbol Support (DPC/FMi)
Package bm Info: No bold for \OT1/ztmcm/m/n, using \pmb.
Package bm Info: No bold for \OML/ztmcm/m/it, using \pmb.
Package bm Info: No bold for \OMS/ztmcm/m/n, using \pmb.
Package bm Info: No bold for \OMX/ztmcm/m/n, using \pmb.
Package bm Info: No bold for \OT1/ptm/bx/n, using \pmb.
Package bm Info: No bold for \OT1/ptm/m/it, using \pmb.
Package bm Info: No bold for \U/msa/m/n, using \pmb.
Package bm Info: No bold for \U/msb/m/n, using \pmb.
) (c:/texlive/2025/texmf-dist/tex/latex/graphics/graphicx.sty
Package: graphicx 2024/12/31 v1.2e Enhanced LaTeX Graphics (DPC,SPQR)
 (c:/texlive/2025/texmf-dist/tex/latex/graphics/graphics.sty
Package: graphics 2024/08/06 v1.4g Standard LaTeX Graphics (DPC,SPQR)
 (c:/texlive/2025/texmf-dist/tex/latex/graphics/trig.sty
Package: trig 2023/12/02 v1.11 sin cos tan (DPC)
) (c:/texlive/2025/texmf-dist/tex/latex/graphics-cfg/graphics.cfg
File: graphics.cfg 2016/06/04 v1.11 sample graphics configuration
)
Package graphics Info: Driver file: pdftex.def on input line 106.
 (c:/texlive/2025/texmf-dist/tex/latex/graphics-def/pdftex.def
File: pdftex.def 2025/09/29 v1.2d Graphics/color driver for pdftex
))
\Gin@req@height=\dimen167
\Gin@req@width=\dimen168
) (c:/texlive/2025/texmf-dist/tex/latex/caption/caption.sty
Package: caption 2023/08/05 v3.6o Customizing captions (AR)
 (c:/texlive/2025/texmf-dist/tex/latex/caption/caption3.sty
Package: caption3 2023/07/31 v2.4d caption3 kernel (AR)
\caption@tempdima=\dimen169
\captionmargin=\dimen170
\caption@leftmargin=\dimen171
\caption@rightmargin=\dimen172
\caption@width=\dimen173
\caption@indent=\dimen174
\caption@parindent=\dimen175
\caption@hangindent=\dimen176
Package caption Info: Standard document class detected.
)
\c@caption@flags=\count299
\c@continuedfloat=\count300
) (c:/texlive/2025/texmf-dist/tex/latex/caption/subcaption.sty
Package: subcaption 2023/07/28 v1.6b Sub-captions (AR)
Package caption Info: New subtype `subfigure' on input line 238.
\c@subfigure=\count301
Package caption Info: New subtype `subtable' on input line 238.
\c@subtable=\count302
) (c:/texlive/2025/texmf-dist/tex/latex/float/float.sty
Package: float 2001/11/08 v1.3d Float enhancements (AL)
\c@float@type=\count303
\float@exts=\toks24
\float@box=\box55
\@float@everytoks=\toks25
\@floatcapt=\box56
) (c:/texlive/2025/texmf-dist/tex/latex/makecell/makecell.sty
Package: makecell 2009/08/03 V0.1e Managing of Tab Column Heads and Cells
 (c:/texlive/2025/texmf-dist/tex/latex/tools/array.sty
Package: array 2025/09/25 v2.6n Tabular extension package (FMi)
\col@sep=\dimen177
\ar@mcellbox=\box57
\extrarowheight=\dimen178
\NC@list=\toks26
\extratabsurround=\skip54
\backup@length=\skip55
\ar@cellbox=\box58
)
\rotheadsize=\dimen179
\c@nlinenum=\count304
\TeXr@lab=\toks27
) (c:/texlive/2025/texmf-dist/tex/latex/booktabs/booktabs.sty
Package: booktabs 2020/01/12 v1.61803398 Publication quality tables
\heavyrulewidth=\dimen180
\lightrulewidth=\dimen181
\cmidrulewidth=\dimen182
\belowrulesep=\dimen183
\belowbottomsep=\dimen184
\aboverulesep=\dimen185
\abovetopsep=\dimen186
\cmidrulesep=\dimen187
\cmidrulekern=\dimen188
\defaultaddspace=\dimen189
\@cmidla=\count305
\@cmidlb=\count306
\@aboverulesep=\dimen190
\@belowrulesep=\dimen191
\@thisruleclass=\count307
\@lastruleclass=\count308
\@thisrulewidth=\dimen192
) (c:/texlive/2025/texmf-dist/tex/latex/multirow/multirow.sty
Package: multirow 2024/11/12 v2.9 Span multiple rows of a table
\multirow@colwidth=\skip56
\multirow@cntb=\count309
\multirow@dima=\skip57
\bigstrutjot=\dimen193
) (c:/texlive/2025/texmf-dist/tex/latex/tools/tabularx.sty
Package: tabularx 2023/12/11 v2.12a `tabularx' package (DPC)
\TX@col@width=\dimen194
\TX@old@table=\dimen195
\TX@old@col=\dimen196
\TX@target=\dimen197
\TX@delta=\dimen198
\TX@cols=\count310
\TX@ftn=\toks28
) (c:/texlive/2025/texmf-dist/tex/latex/tools/longtable.sty
Package: longtable 2025-10-13 v4.24 Multi-page Table package (DPC)
\LTleft=\skip58
\LTright=\skip59
\LTpre=\skip60
\LTpost=\skip61
\LTchunksize=\count311
\LTcapwidth=\dimen199
\LT@head=\box59
\LT@firsthead=\box60
\LT@foot=\box61
\LT@lastfoot=\box62
\LT@gbox=\box63
\LT@cols=\count312
\LT@rows=\count313
\c@LT@tables=\count314
\c@LT@chunks=\count315
\LT@p@ftn=\toks29
) (c:/texlive/2025/texmf-dist/tex/latex/listings/listings.sty
\lst@mode=\count316
\lst@gtempboxa=\box64
\lst@token=\toks30
\lst@length=\count317
\lst@currlwidth=\dimen256
\lst@column=\count318
\lst@pos=\count319
\lst@lostspace=\dimen257
\lst@width=\dimen258
\lst@newlines=\count320
\lst@lineno=\count321
\lst@maxwidth=\dimen259
 (c:/texlive/2025/texmf-dist/tex/latex/listings/lstpatch.sty
File: lstpatch.sty 2025/11/14 1.11b (Carsten Heinz)
) (c:/texlive/2025/texmf-dist/tex/latex/listings/lstmisc.sty
File: lstmisc.sty 2025/11/14 1.11b (Carsten Heinz)
\c@lstnumber=\count322
\lst@skipnumbers=\count323
\lst@framebox=\box65
) (c:/texlive/2025/texmf-dist/tex/latex/listings/listings.cfg
File: listings.cfg 2025/11/14 1.11b listings configuration
))
Package: listings 2025/11/14 1.11b (Carsten Heinz)

==> First Aid for listings.sty no longer applied!
    Expected:
        2024/09/23 1.10c (Carsten Heinz)
    but found:
        2025/11/14 1.11b (Carsten Heinz)
    so I'm assuming it got fixed.
(c:/texlive/2025/texmf-dist/tex/latex/xcolor/xcolor.sty
Package: xcolor 2024/09/29 v3.02 LaTeX color extensions (UK)
 (c:/texlive/2025/texmf-dist/tex/latex/graphics-cfg/color.cfg
File: color.cfg 2016/01/02 v1.6 sample color configuration
)
Package xcolor Info: Driver file: pdftex.def on input line 274.
 (c:/texlive/2025/texmf-dist/tex/latex/graphics/mathcolor.ltx)
Package xcolor Info: Model `cmy' substituted by `cmy0' on input line 1349.
Package xcolor Info: Model `hsb' substituted by `rgb' on input line 1353.
Package xcolor Info: Model `RGB' extended on input line 1365.
Package xcolor Info: Model `HTML' substituted by `rgb' on input line 1367.
Package xcolor Info: Model `Hsb' substituted by `hsb' on input line 1368.
Package xcolor Info: Model `tHsb' substituted by `hsb' on input line 1369.
Package xcolor Info: Model `HSB' substituted by `hsb' on input line 1370.
Package xcolor Info: Model `Gray' substituted by `gray' on input line 1371.
Package xcolor Info: Model `wave' substituted by `hsb' on input line 1372.
) (c:/texlive/2025/texmf-dist/tex/latex/inconsolata/inconsolata.sty
Package: inconsolata 2019/05/17 v1.12
 `inconsolata-zi4' v1.12, 2019/05/17 Text macros for Inconsolata (msharpe) (c:/texlive/2025/texmf-dist/tex/latex/base/textcomp.sty
Package: textcomp 2024/04/24 v2.1b Standard LaTeX package
) (c:/texlive/2025/texmf-dist/tex/latex/xkeyval/xkeyval.sty
Package: xkeyval 2025/11/04 v2.10 package option processing (HA)
 (c:/texlive/2025/texmf-dist/tex/generic/xkeyval/xkeyval.tex (c:/texlive/2025/texmf-dist/tex/generic/xkeyval/xkvutils.tex
\XKV@toks=\toks31
\XKV@tempa@toks=\toks32
\XKV@tempb@toks=\toks33
)
\XKV@depth=\count324
File: xkeyval.tex 2014/12/03 v2.7a key=value parser (HA)
))
\zifour@ocount=\count325
) (c:/texlive/2025/texmf-dist/tex/latex/listings/lstlang1.sty
File: lstlang1.sty 2025/11/14 1.11b listings language file
) (c:/texlive/2025/texmf-dist/tex/latex/listings/lstlang1.sty
File: lstlang1.sty 2025/11/14 1.11b listings language file
) (c:/texlive/2025/texmf-dist/tex/latex/listings/lstmisc.sty
File: lstmisc.sty 2025/11/14 1.11b (Carsten Heinz)
) (c:/texlive/2025/texmf-dist/tex/latex/fancyhdr/fancyhdr.sty
Package: fancyhdr 2025/02/07 v5.2 Extensive control of page headers and footers
\f@nch@headwidth=\skip62
\f@nch@offset@elh=\skip63
\f@nch@offset@erh=\skip64
\f@nch@offset@olh=\skip65
\f@nch@offset@orh=\skip66
\f@nch@offset@elf=\skip67
\f@nch@offset@erf=\skip68
\f@nch@offset@olf=\skip69
\f@nch@offset@orf=\skip70
\f@nch@height=\skip71
\f@nch@footalignment=\skip72
\f@nch@widthL=\skip73
\f@nch@widthC=\skip74
\f@nch@widthR=\skip75
\@temptokenb=\toks34
) (c:/texlive/2025/texmf-dist/tex/latex/titlesec/titlesec.sty
Package: titlesec 2025/01/04 v2.17 Sectioning titles
\ttl@box=\box66
\beforetitleunit=\skip76
\aftertitleunit=\skip77
\ttl@plus=\dimen260
\ttl@minus=\dimen261
\ttl@toksa=\toks35
\titlewidth=\dimen262
\titlewidthlast=\dimen263
\titlewidthfirst=\dimen264
) (c:/texlive/2025/texmf-dist/tex/latex/biblatex/biblatex.sty
Package: biblatex 2025/07/10 v3.21 programmable bibliographies (PK/MW)
 (c:/texlive/2025/texmf-dist/tex/generic/pdftexcmds/pdftexcmds.sty
Package: pdftexcmds 2020-06-27 v0.33 Utility functions of pdfTeX for LuaTeX (HO)
 (c:/texlive/2025/texmf-dist/tex/generic/infwarerr/infwarerr.sty
Package: infwarerr 2019/12/03 v1.5 Providing info/warning/error messages (HO)
) (c:/texlive/2025/texmf-dist/tex/generic/ltxcmds/ltxcmds.sty
Package: ltxcmds 2023-12-04 v1.26 LaTeX kernel commands for general use (HO)
)
Package pdftexcmds Info: \pdf@primitive is available.
Package pdftexcmds Info: \pdf@ifprimitive is available.
Package pdftexcmds Info: \pdfdraftmode found.
) (c:/texlive/2025/texmf-dist/tex/latex/etoolbox/etoolbox.sty
Package: etoolbox 2025/10/02 v2.5m e-TeX tools for LaTeX (JAW)
\etb@tempcnta=\count326
) (c:/texlive/2025/texmf-dist/tex/latex/kvoptions/kvoptions.sty
Package: kvoptions 2022-06-15 v3.15 Key value format for package options (HO)
 (c:/texlive/2025/texmf-dist/tex/latex/kvsetkeys/kvsetkeys.sty
Package: kvsetkeys 2022-10-05 v1.19 Key value parser (HO)
)) (c:/texlive/2025/texmf-dist/tex/latex/logreq/logreq.sty
Package: logreq 2010/08/04 v1.0 xml request logger
\lrq@indent=\count327
 (c:/texlive/2025/texmf-dist/tex/latex/logreq/logreq.def
File: logreq.def 2010/08/04 v1.0 logreq spec v1.0
)) (c:/texlive/2025/texmf-dist/tex/latex/base/ifthen.sty
Package: ifthen 2024/03/16 v1.1e Standard LaTeX ifthen package (DPC)
) (c:/texlive/2025/texmf-dist/tex/latex/url/url.sty
\Urlmuskip=\muskip18
Package: url 2013/09/16  ver 3.4  Verb mode for urls, etc.
)
\c@tabx@nest=\count328
\c@listtotal=\count329
\c@listcount=\count330
\c@liststart=\count331
\c@liststop=\count332
\c@citecount=\count333
\c@citetotal=\count334
\c@multicitecount=\count335
\c@multicitetotal=\count336
\c@instcount=\count337
\c@maxnames=\count338
\c@minnames=\count339
\c@maxitems=\count340
\c@minitems=\count341
\c@citecounter=\count342
\c@maxcitecounter=\count343
\c@savedcitecounter=\count344
\c@uniquelist=\count345
\c@uniquename=\count346
\c@refsection=\count347
\c@refsegment=\count348
\c@maxextratitle=\count349
\c@maxextratitleyear=\count350
\c@maxextraname=\count351
\c@maxextradate=\count352
\c@maxextraalpha=\count353
\c@abbrvpenalty=\count354
\c@highnamepenalty=\count355
\c@lownamepenalty=\count356
\c@maxparens=\count357
\c@parenlevel=\count358
\blx@tempcnta=\count359
\blx@tempcntb=\count360
\blx@tempcntc=\count361
\c@blx@maxsection=\count362
\blx@maxsegment@0=\count363
\blx@notetype=\count364
\blx@parenlevel@text=\count365
\blx@parenlevel@foot=\count366
\blx@sectionciteorder@0=\count367
\blx@sectionciteorderinternal@0=\count368
\blx@entrysetcounter=\count369
\blx@biblioinstance=\count370
\labelnumberwidth=\skip78
\labelalphawidth=\skip79
\biblabelsep=\skip80
\bibitemsep=\skip81
\bibnamesep=\skip82
\bibinitsep=\skip83
\bibparsep=\skip84
\bibhang=\skip85
\blx@bcfin=\read2
\blx@bcfout=\write3
\blx@langwohyphens=\language90
\c@mincomprange=\count371
\c@maxcomprange=\count372
\c@mincompwidth=\count373
Package biblatex Info: Trying to load biblatex default data model...
Package biblatex Info: ... file 'blx-dm.def' found.
 (c:/texlive/2025/texmf-dist/tex/latex/biblatex/blx-dm.def
File: blx-dm.def 2025/07/10 v3.21 biblatex datamodel (PK/MW)
)
Package biblatex Info: Trying to load biblatex style data model...
Package biblatex Info: ... file 'ieee.dbx' not found.
Package biblatex Info: Trying to load biblatex custom data model...
Package biblatex Info: ... file 'biblatex-dm.cfg' not found.
\c@afterword=\count374
\c@savedafterword=\count375
\c@annotator=\count376
\c@savedannotator=\count377
\c@author=\count378
\c@savedauthor=\count379
\c@bookauthor=\count380
\c@savedbookauthor=\count381
\c@commentator=\count382
\c@savedcommentator=\count383
\c@editor=\count384
\c@savededitor=\count385
\c@editora=\count386
\c@savededitora=\count387
\c@editorb=\count388
\c@savededitorb=\count389
\c@editorc=\count390
\c@savededitorc=\count391
\c@foreword=\count392
\c@savedforeword=\count393
\c@holder=\count394
\c@savedholder=\count395
\c@introduction=\count396
\c@savedintroduction=\count397
\c@namea=\count398
\c@savednamea=\count399
\c@nameb=\count400
\c@savednameb=\count401
\c@namec=\count402
\c@savednamec=\count403
\c@translator=\count404
\c@savedtranslator=\count405
\c@shortauthor=\count406
\c@savedshortauthor=\count407
\c@shorteditor=\count408
\c@savedshorteditor=\count409
\c@labelname=\count410
\c@savedlabelname=\count411
\c@institution=\count412
\c@savedinstitution=\count413
\c@lista=\count414
\c@savedlista=\count415
\c@listb=\count416
\c@savedlistb=\count417
\c@listc=\count418
\c@savedlistc=\count419
\c@listd=\count420
\c@savedlistd=\count421
\c@liste=\count422
\c@savedliste=\count423
\c@listf=\count424
\c@savedlistf=\count425
\c@location=\count426
\c@savedlocation=\count427
\c@organization=\count428
\c@savedorganization=\count429
\c@origlocation=\count430
\c@savedoriglocation=\count431
\c@origpublisher=\count432
\c@savedorigpublisher=\count433
\c@publisher=\count434
\c@savedpublisher=\count435
\c@language=\count436
\c@savedlanguage=\count437
\c@origlanguage=\count438
\c@savedoriglanguage=\count439
\c@pageref=\count440
\c@savedpageref=\count441
\shorthandwidth=\skip86
\shortjournalwidth=\skip87
\shortserieswidth=\skip88
\shorttitlewidth=\skip89
\shortauthorwidth=\skip90
\shorteditorwidth=\skip91
\locallabelnumberwidth=\skip92
\locallabelalphawidth=\skip93
\localshorthandwidth=\skip94
\localshortjournalwidth=\skip95
\localshortserieswidth=\skip96
\localshorttitlewidth=\skip97
\localshortauthorwidth=\skip98
\localshorteditorwidth=\skip99
Package biblatex Info: Trying to load compatibility code...
Package biblatex Info: ... file 'blx-compat.def' found.
 (c:/texlive/2025/texmf-dist/tex/latex/biblatex/blx-compat.def
File: blx-compat.def 2025/07/10 v3.21 biblatex compatibility (PK/MW)
)
Package biblatex Info: Trying to load generic definitions...
Package biblatex Info: ... file 'biblatex.def' found.
 (c:/texlive/2025/texmf-dist/tex/latex/biblatex/biblatex.def
File: biblatex.def 2025/07/10 v3.21 biblatex compatibility (PK/MW)
\c@textcitecount=\count442
\c@textcitetotal=\count443
\c@textcitemaxnames=\count444
\c@biburlbigbreakpenalty=\count445
\c@biburlbreakpenalty=\count446
\c@biburlnumpenalty=\count447
\c@biburlucpenalty=\count448
\c@biburllcpenalty=\count449
\biburlbigskip=\muskip19
\biburlnumskip=\muskip20
\biburlucskip=\muskip21
\biburllcskip=\muskip22
\c@smartand=\count450
)
Package biblatex Info: Trying to load bibliography style 'ieee'...
Package biblatex Info: ... file 'ieee.bbx' found.
 (c:/texlive/2025/texmf-dist/tex/latex/biblatex-ieee/ieee.bbx
File: ieee.bbx 2025-08-01 v1.4f biblatex bibliography style
Package biblatex Info: Trying to load bibliography style 'numeric-comp'...
Package biblatex Info: ... file 'numeric-comp.bbx' found.
 (c:/texlive/2025/texmf-dist/tex/latex/biblatex/bbx/numeric-comp.bbx
File: numeric-comp.bbx 2025/07/10 v3.21 biblatex bibliography style (PK/MW)
Package biblatex Info: Trying to load bibliography style 'numeric'...
Package biblatex Info: ... file 'numeric.bbx' found.
 (c:/texlive/2025/texmf-dist/tex/latex/biblatex/bbx/numeric.bbx
File: numeric.bbx 2025/07/10 v3.21 biblatex bibliography style (PK/MW)
Package biblatex Info: Trying to load bibliography style 'standard'...
Package biblatex Info: ... file 'standard.bbx' found.
 (c:/texlive/2025/texmf-dist/tex/latex/biblatex/bbx/standard.bbx
File: standard.bbx 2025/07/10 v3.21 biblatex bibliography style (PK/MW)
\c@bbx:relatedcount=\count451
\c@bbx:relatedtotal=\count452
))))
Package biblatex Info: Trying to load citation style 'ieee'...
Package biblatex Info: ... file 'ieee.cbx' found.
 (c:/texlive/2025/texmf-dist/tex/latex/biblatex-ieee/ieee.cbx
File: ieee.cbx 2025-08-01 v1.4f biblatex citation style
Package biblatex Info: Trying to load citation style 'numeric-verb'...
Package biblatex Info: ... file 'numeric-verb.cbx' found.
 (c:/texlive/2025/texmf-dist/tex/latex/biblatex/cbx/numeric-verb.cbx
File: numeric-verb.cbx 2025/07/10 v3.21 biblatex citation style (PK/MW)
Package biblatex Info: Redefining '\cite'.
Package biblatex Info: Redefining '\parencite'.
Package biblatex Info: Redefining '\footcite'.
Package biblatex Info: Redefining '\footcitetext'.
Package biblatex Info: Redefining '\smartcite'.
Package biblatex Info: Redefining '\textcite'.
Package biblatex Info: Redefining '\supercite'.
Package biblatex Info: Redefining '\parencites'.
Package biblatex Info: Redefining '\smartcites'.
Package biblatex Info: Redefining '\textcites'.
))
Package biblatex Info: Trying to load configuration file...
Package biblatex Info: ... file 'biblatex.cfg' found.
 (c:/texlive/2025/texmf-dist/tex/latex/biblatex/biblatex.cfg
File: biblatex.cfg 
)
Package biblatex Info: Input encoding 'utf8' detected.
Package biblatex Info: Document encoding is UTF8 ....
 (c:/texlive/2025/texmf-dist/tex/latex/l3kernel/expl3.sty
Package: expl3 2026-01-19 L3 programming layer (loader) 
 (c:/texlive/2025/texmf-dist/tex/latex/l3backend/l3backend-pdftex.def
File: l3backend-pdftex.def 2025-10-09 L3 backend support: PDF output (pdfTeX)
\l__color_backend_stack_int=\count453
))
Package biblatex Info: ... and expl3
(biblatex)             2026-01-19 L3 programming layer (loader) 
(biblatex)             is new enough (at least 2020/04/06),
(biblatex)             setting 'casechanger=expl3'.
 (c:/texlive/2025/texmf-dist/tex/latex/biblatex/blx-case-expl3.sty (c:/texlive/2025/texmf-dist/tex/latex/l3packages/xparse/xparse.sty
Package: xparse 2025-10-09 L3 Experimental document command parser
)
Package: blx-case-expl3 2025/07/10 v3.21 expl3 case changing code for biblatex
)) (c:/texlive/2025/texmf-dist/tex/latex/hyperref/hyperref.sty
Package: hyperref 2026-01-29 v7.01p Hypertext links for LaTeX
 (c:/texlive/2025/texmf-dist/tex/generic/kvdefinekeys/kvdefinekeys.sty
Package: kvdefinekeys 2019-12-19 v1.6 Define keys (HO)
) (c:/texlive/2025/texmf-dist/tex/generic/pdfescape/pdfescape.sty
Package: pdfescape 2019/12/09 v1.15 Implements pdfTeX's escape features (HO)
) (c:/texlive/2025/texmf-dist/tex/latex/hycolor/hycolor.sty
Package: hycolor 2020-01-27 v1.10 Color options for hyperref/bookmark (HO)
) (c:/texlive/2025/texmf-dist/tex/latex/hyperref/nameref.sty
Package: nameref 2026-01-29 v2.58 Cross-referencing by name of section
 (c:/texlive/2025/texmf-dist/tex/latex/refcount/refcount.sty
Package: refcount 2019/12/15 v3.6 Data extraction from label references (HO)
) (c:/texlive/2025/texmf-dist/tex/generic/gettitlestring/gettitlestring.sty
Package: gettitlestring 2019/12/15 v1.6 Cleanup title references (HO)
)
\c@section@level=\count454
) (c:/texlive/2025/texmf-dist/tex/generic/stringenc/stringenc.sty
Package: stringenc 2019/11/29 v1.12 Convert strings between diff. encodings (HO)
)
\@linkdim=\dimen265
\Hy@linkcounter=\count455
\Hy@pagecounter=\count456
 (c:/texlive/2025/texmf-dist/tex/latex/hyperref/pd1enc.def
File: pd1enc.def 2026-01-29 v7.01p Hyperref: PDFDocEncoding definition (HO)
Now handling font encoding PD1 ...
... no UTF-8 mapping file for font encoding PD1
) (c:/texlive/2025/texmf-dist/tex/generic/intcalc/intcalc.sty
Package: intcalc 2019/12/15 v1.3 Expandable calculations with integers (HO)
)
\Hy@SavedSpaceFactor=\count457
 (c:/texlive/2025/texmf-dist/tex/latex/hyperref/puenc.def
File: puenc.def 2026-01-29 v7.01p Hyperref: PDF Unicode definition (HO)
Now handling font encoding PU ...
... no UTF-8 mapping file for font encoding PU
)
Package hyperref Info: Option `colorlinks' set `true' on input line 4072.
Package hyperref Info: Option `hypertexnames' set `false' on input line 4072.
Package hyperref Info: Hyper figures OFF on input line 4201.
Package hyperref Info: Link nesting OFF on input line 4206.
Package hyperref Info: Hyper index ON on input line 4209.
Package hyperref Info: Plain pages OFF on input line 4216.
Package hyperref Info: Backreferencing OFF on input line 4221.
Package hyperref Info: Implicit mode ON; LaTeX internals redefined.
Package hyperref Info: Bookmarks ON on input line 4468.
\c@Hy@tempcnt=\count458
LaTeX Info: Redefining \url on input line 4807.
\XeTeXLinkMargin=\dimen266
 (c:/texlive/2025/texmf-dist/tex/generic/bitset/bitset.sty
Package: bitset 2019/12/09 v1.3 Handle bit-vector datatype (HO)
 (c:/texlive/2025/texmf-dist/tex/generic/bigintcalc/bigintcalc.sty
Package: bigintcalc 2019/12/15 v1.5 Expandable calculations on big integers (HO)
))
\Fld@menulength=\count459
\Field@Width=\dimen267
\Fld@charsize=\dimen268
Package hyperref Info: Hyper figures OFF on input line 6084.
Package hyperref Info: Link nesting OFF on input line 6089.
Package hyperref Info: Hyper index ON on input line 6092.
Package hyperref Info: backreferencing OFF on input line 6099.
Package hyperref Info: Link coloring ON on input line 6102.
Package hyperref Info: Link coloring with OCG OFF on input line 6109.
Package hyperref Info: PDF/A mode OFF on input line 6114.
\Hy@abspage=\count460
\c@Item=\count461
\c@Hfootnote=\count462
)
Package hyperref Info: Driver (autodetected): hpdftex.
 (c:/texlive/2025/texmf-dist/tex/latex/hyperref/hpdftex.def
File: hpdftex.def 2026-01-29 v7.01p Hyperref driver for pdfTeX
\Fld@listcount=\count463
\c@bookmark@seq@number=\count464
 (c:/texlive/2025/texmf-dist/tex/latex/rerunfilecheck/rerunfilecheck.sty
Package: rerunfilecheck 2025-06-21 v1.11 Rerun checks for auxiliary files (HO)
 (c:/texlive/2025/texmf-dist/tex/generic/uniquecounter/uniquecounter.sty
Package: uniquecounter 2019/12/15 v1.4 Provide unlimited unique counter (HO)
)
Package uniquecounter Info: New unique counter `rerunfilecheck' on input line 284.
)
\Hy@SectionHShift=\skip100
) (c:/texlive/2025/texmf-dist/tex/latex/appendix/appendix.sty
Package: appendix 2020/02/08 v1.2c extra appendix facilities
\c@@pps=\count465
\c@@ppsavesec=\count466
\c@@ppsaveapp=\count467
) (c:/texlive/2025/texmf-dist/tex/latex/siunitx/siunitx.sty
Package: siunitx 2025-07-09 v3.4.14 A comprehensive (SI) units package
\l__siunitx_number_uncert_offset_int=\count468
\l__siunitx_number_exponent_fixed_int=\count469
\l__siunitx_number_min_decimal_int=\count470
\l__siunitx_number_min_integer_int=\count471
\l__siunitx_number_round_precision_int=\count472
\l__siunitx_number_lower_threshold_int=\count473
\l__siunitx_number_upper_threshold_int=\count474
\l__siunitx_number_group_first_int=\count475
\l__siunitx_number_group_size_int=\count476
\l__siunitx_number_group_minimum_int=\count477
\l__siunitx_angle_tmp_dim=\dimen269
\l__siunitx_angle_marker_box=\box67
\l__siunitx_angle_unit_box=\box68
\l__siunitx_compound_count_int=\count478
 (c:/texlive/2025/texmf-dist/tex/latex/translations/translations.sty
Package: translations 2022/02/05 v1.12 internationalization of LaTeX2e packages (CN)
)
\l__siunitx_table_tmp_box=\box69
\l__siunitx_table_tmp_dim=\dimen270
\l__siunitx_table_column_width_dim=\dimen271
\l__siunitx_table_integer_box=\box70
\l__siunitx_table_decimal_box=\box71
\l__siunitx_table_uncert_box=\box72
\l__siunitx_table_before_box=\box73
\l__siunitx_table_after_box=\box74
\l__siunitx_table_before_dim=\dimen272
\l__siunitx_table_carry_dim=\dimen273
\l__siunitx_unit_tmp_int=\count479
\l__siunitx_unit_position_int=\count480
\l__siunitx_unit_total_int=\count481
) (c:/texlive/2025/texmf-dist/tex/latex/cleveref/cleveref.sty
Package: cleveref 2018/03/27 v0.21.4 Intelligent cross-referencing
Package cleveref Info: `hyperref' support loaded on input line 2370.
LaTeX Info: Redefining \cref on input line 2370.
LaTeX Info: Redefining \Cref on input line 2370.
LaTeX Info: Redefining \crefrange on input line 2370.
LaTeX Info: Redefining \Crefrange on input line 2370.
LaTeX Info: Redefining \cpageref on input line 2370.
LaTeX Info: Redefining \Cpageref on input line 2370.
LaTeX Info: Redefining \cpagerefrange on input line 2370.
LaTeX Info: Redefining \Cpagerefrange on input line 2370.
LaTeX Info: Redefining \labelcref on input line 2370.
LaTeX Info: Redefining \labelcpageref on input line 2370.
Package cleveref Info: `listings' support loaded on input line 3131.
)
==> First Aid for cleveref.sty applied!
(c:/texlive/2025/texmf-dist/tex/latex/tools/indentfirst.sty
Package: indentfirst 2023/07/02 v1.03 Indent first paragraph (DPC)
)
\@quotelevel=\count482
\@quotereset=\count483
Package translations Info: No language package found. I am going to use `english' as default language. on input line 233.
LaTeX Font Info:    Trying to load font information for OT1+ptm on input line 233.
 (c:/texlive/2025/texmf-dist/tex/latex/psnfss/ot1ptm.fd
File: ot1ptm.fd 2001/06/04 font definitions for OT1/ptm.
) (./FYP.aux)
\openout1 = `FYP.aux'.

LaTeX Font Info:    Checking defaults for OML/cmm/m/it on input line 233.
LaTeX Font Info:    ... okay on input line 233.
LaTeX Font Info:    Checking defaults for OMS/cmsy/m/n on input line 233.
LaTeX Font Info:    ... okay on input line 233.
LaTeX Font Info:    Checking defaults for OT1/cmr/m/n on input line 233.
LaTeX Font Info:    ... okay on input line 233.
LaTeX Font Info:    Checking defaults for T1/cmr/m/n on input line 233.
LaTeX Font Info:    ... okay on input line 233.
LaTeX Font Info:    Checking defaults for TS1/cmr/m/n on input line 233.
LaTeX Font Info:    ... okay on input line 233.
LaTeX Font Info:    Checking defaults for OMX/cmex/m/n on input line 233.
LaTeX Font Info:    ... okay on input line 233.
LaTeX Font Info:    Checking defaults for U/cmr/m/n on input line 233.
LaTeX Font Info:    ... okay on input line 233.
LaTeX Font Info:    Checking defaults for PD1/pdf/m/n on input line 233.
LaTeX Font Info:    ... okay on input line 233.
LaTeX Font Info:    Checking defaults for PU/pdf/m/n on input line 233.
LaTeX Font Info:    ... okay on input line 233.

*geometry* driver: auto-detecting
*geometry* detected driver: pdftex
*geometry* verbose mode - [ preamble ] result:
* driver: pdftex
* paper: a4paper
* layout: <same size as paper>
* layoutoffset:(h,v)=(0.0pt,0.0pt)
* modes: 
* h-part:(L,W,R)=(99.58464pt, 412.56497pt, 85.35826pt)
* v-part:(T,H,B)=(85.35826pt, 674.33032pt, 85.35826pt)
* \paperwidth=597.50787pt
* \paperheight=845.04684pt
* \textwidth=412.56497pt
* \textheight=674.33032pt
* \oddsidemargin=27.31465pt
* \evensidemargin=27.31465pt
* \topmargin=-12.91173pt
* \headheight=14.0pt
* \headsep=12.0pt
* \topskip=12.0pt
* \footskip=30.0pt
* \marginparwidth=35.0pt
* \marginparsep=10.0pt
* \columnsep=10.0pt
* \skip\footins=10.8pt plus 4.0pt minus 2.0pt
* \hoffset=0.0pt
* \voffset=0.0pt
* \mag=1000
* \@twocolumnfalse
* \@twosidefalse
* \@mparswitchfalse
* \@reversemarginfalse
* (1in=72.27pt=25.4mm, 1cm=28.453pt)

(c:/texlive/2025/texmf-dist/tex/context/base/mkii/supp-pdf.mkii
[Loading MPS to PDF converter (version 2006.09.02).]
\scratchcounter=\count484
\scratchdimen=\dimen274
\scratchbox=\box75
\nofMPsegments=\count485
\nofMParguments=\count486
\everyMPshowfont=\toks36
\MPscratchCnt=\count487
\MPscratchDim=\dimen275
\MPnumerator=\count488
\makeMPintoPDFobject=\count489
\everyMPtoPDFconversion=\toks37
) (c:/texlive/2025/texmf-dist/tex/latex/epstopdf-pkg/epstopdf-base.sty
Package: epstopdf-base 2020-01-24 v2.11 Base part for package epstopdf
Package epstopdf-base Info: Redefining graphics rule for `.eps' on input line 485.
 (c:/texlive/2025/texmf-dist/tex/latex/latexconfig/epstopdf-sys.cfg
File: epstopdf-sys.cfg 2010/07/13 v1.3 Configuration of (r)epstopdf for TeX Live
))
Package caption Info: Begin \AtBeginDocument code.
Package caption Info: float package is loaded.
Package caption Info: hyperref package is loaded.
Package caption Info: listings package is loaded.
Package caption Info: longtable package is loaded.
 (c:/texlive/2025/texmf-dist/tex/latex/caption/ltcaption.sty
Package: ltcaption 2021/01/08 v1.4c longtable captions (AR)
)
Package caption Info: End \AtBeginDocument code.
\c@lstlisting=\count490
 (c:/texlive/2025/texmf-dist/tex/latex/upquote/upquote.sty
Package: upquote 2012/04/19 v1.3 upright-quote and grave-accent glyphs in verbatim
)
Package biblatex Info: Trying to load language 'english'...
Package biblatex Info: ... file 'english.lbx' found.
 (c:/texlive/2025/texmf-dist/tex/latex/biblatex/lbx/english.lbx
File: english.lbx 2025/07/10 v3.21 biblatex localization (PK/MW)
)
Package biblatex Info: Input encoding 'utf8' detected.
Package biblatex Info: Automatic encoding selection.
(biblatex)             Assuming data encoding 'utf8'.
\openout3 = `FYP.bcf'.

Package biblatex Info: Trying to load bibliographic data...
Package biblatex Info: ... file 'FYP.bbl' found.
 (./FYP.bbl

Package biblatex Warning: The following entry could not be found
(biblatex)                in the database:
(biblatex)                PLACEHOLDER
(biblatex)                Please verify the spelling and rerun
(biblatex)                LaTeX afterwards.

)
Package biblatex Info: Reference section=0 on input line 233.
Package biblatex Info: Reference segment=0 on input line 233.
Package hyperref Info: Link coloring ON on input line 233.
 (./FYP.out) (./FYP.out)
\@outlinefile=\write4
\openout4 = `FYP.out'.

 (c:/texlive/2025/texmf-dist/tex/latex/translations/translations-basic-dictionary-english.trsl
File: translations-basic-dictionary-english.trsl (english translation file `translations-basic-dictionary')
)
Package translations Info: loading dictionary `translations-basic-dictionary' for `english'. on input line 233.
 (./Title/titlepage.tex
<Title/ntu_logo.png, id=400, 815.6874pt x 306.6657pt>
File: Title/ntu_logo.png Graphic file (type png)
<use Title/ntu_logo.png>
Package pdftex.def Info: Title/ntu_logo.png  used on input line 27.
(pdftex.def)             Requested size: 185.65297pt x 69.79697pt.
 [1{c:/texlive/2025/texmf-var/fonts/map/pdftex/updmap/pdftex.map}{c:/texlive/2025/texmf-dist/fonts/enc/dvips/base/8r.enc}

 <./Title/ntu_logo.png>]) (./FYP.toc
LaTeX Font Info:    Trying to load font information for OT1+ztmcm on input line 8.
 (c:/texlive/2025/texmf-dist/tex/latex/psnfss/ot1ztmcm.fd
File: ot1ztmcm.fd 2000/01/03 Fontinst v1.801 font definitions for OT1/ztmcm.
)
LaTeX Font Info:    Trying to load font information for OML+ztmcm on input line 8.
 (c:/texlive/2025/texmf-dist/tex/latex/psnfss/omlztmcm.fd
File: omlztmcm.fd 2000/01/03 Fontinst v1.801 font definitions for OML/ztmcm.
)
LaTeX Font Info:    Trying to load font information for OMS+ztmcm on input line 8.
 (c:/texlive/2025/texmf-dist/tex/latex/psnfss/omsztmcm.fd
File: omsztmcm.fd 2000/01/03 Fontinst v1.801 font definitions for OMS/ztmcm.
)
LaTeX Font Info:    Trying to load font information for OMX+ztmcm on input line 8.
 (c:/texlive/2025/texmf-dist/tex/latex/psnfss/omxztmcm.fd
File: omxztmcm.fd 2000/01/03 Fontinst v1.801 font definitions for OMX/ztmcm.
)
LaTeX Font Info:    Font shape `OT1/ptm/bx/n' in size <12> not available
(Font)              Font shape `OT1/ptm/b/n' tried instead on input line 8.
LaTeX Font Info:    Font shape `OT1/ptm/bx/n' in size <9> not available
(Font)              Font shape `OT1/ptm/b/n' tried instead on input line 8.
LaTeX Font Info:    Font shape `OT1/ptm/bx/n' in size <7> not available
(Font)              Font shape `OT1/ptm/b/n' tried instead on input line 8.
 [1


] [2]
LaTeX Font Info:    Trying to load font information for OT1+zi4 on input line 110.
 (c:/texlive/2025/texmf-dist/tex/latex/inconsolata/ot1zi4.fd
File: ot1zi4.fd 2018/01/14 OT1/zi4 (Inconsolata)
)
LaTeX Font Info:    Font shape `OT1/zi4/m/n' will be
(Font)              scaled to size 12.0pt on input line 110.
 [3{c:/texlive/2025/texmf-dist/fonts/enc/dvips/inconsolata/i4-ot1-0.enc}])
\tf@toc=\write5
\openout5 = `FYP.toc'.

 (./Front/abstract.tex [4]
Overfull \hbox (2.9553pt too wide) in paragraph at lines 29--35
\OT1/ptm/m/n/12 and pre-dictable la-tency. How-ever, map-ping a billion-parameter trans-former to resource-
 []


Overfull \hbox (1.27367pt too wide) in paragraph at lines 29--35
\OT1/ptm/m/n/12 constrained FPGA fab-ric presents sig-nif-i-cant chal-lenges in quan-ti-sa-tion, mem-ory tiling,
 []


Overfull \hbox (10.04732pt too wide) in paragraph at lines 43--48
\OT1/ptm/m/n/12 Level Syn-the-sis (HLS). The core trans-former com-po-nents, in-clud-ing RM-SNorm, matrix--
 []

) (./Front/acknowledgement.tex [5

]) (./Front/acronyms.tex [6

]
./Front/acronyms.tex:50: ignored error: Infinite glue shrinkage found in box being split [7

]) (./Front/symbols.tex [8]) [9

] (./FYP.lof)
\tf@lof=\write6
\openout6 = `FYP.lof'.

 [10

] (./FYP.lot
Overfull \hbox (17.05637pt too wide) in paragraph at lines 5--5
 [][] [][][]\OT1/ptm/m/n/12 Memory hi-er-ar-chy of the TinyL-lama in-fer-ence ac-cel-er-a-tor on the ZCU102. 
 []


Overfull \hbox (4.35934pt too wide) in paragraph at lines 5--5
 \OT1/ptm/m/n/12 Weight and KV cache sizes are af-ter INT8 quan-ti-sa-tion. On-chip buffers 
 []


Overfull \hbox (8.60733pt too wide) in paragraph at lines 7--7
 [][] [][][]\OT1/ptm/m/n/12 Prototype and full TinyLlama-1.1B con-fig-u-ra-tion pa-ram-e-ters used across 
 []


Overfull \hbox (3.4883pt too wide) in paragraph at lines 15--15
 [][] [][][]\OT1/ptm/m/n/12 Resource util-i-sa-tion of \OT1/zi4/m/n/12 rmsnorm \OT1/ptm/m/n/12 at full scale ($\OML/ztmcm/m/it/12 S \OT1/ztmcm/m/n/12 = 2048$\OT1/ptm/m/n/12 ) on the ZCU102. 
 []

[11

]
Overfull \hbox (7.89235pt too wide) in paragraph at lines 29--29
 [][] [][][]\OT1/ptm/m/n/12 Resource util-i-sa-tion of \OT1/zi4/m/n/12 dequantize \OT1/ptm/m/n/12 syn-the-sised at $\OML/ztmcm/m/it/12 S \OT1/ztmcm/m/n/12 = 8$ \OT1/ptm/m/n/12 on the ZCU102. 
 []


Overfull \hbox (8.50803pt too wide) in paragraph at lines 38--38
 [][] [][][]\OT1/ptm/m/n/12 Resource util-i-sa-tion of \OT1/zi4/m/n/12 matmul \OT1/ptm/m/n/12 syn-the-sised at $\OML/ztmcm/m/it/12 N \OT1/ztmcm/m/n/12 = \OML/ztmcm/m/it/12 D \OT1/ztmcm/m/n/12 = 8$ \OT1/ptm/m/n/12 on the ZCU102. 
 []

[12]
Overfull \hbox (4.94609pt too wide) in paragraph at lines 58--58
 [][] [][][]\OT1/ptm/m/n/12 Top-level la-tency sum-mary for \OT1/zi4/m/n/12 softmax[]ibert[]update3[]top \OT1/ptm/m/n/12 at $\OT1/ztmcm/m/n/12 150$$[]$\OT1/ptm/m/n/12 .[][] [][]  
 []


Overfull \hbox (43.03598pt too wide) in paragraph at lines 61--61
 [][] [][][]\OT1/ptm/m/n/12 C-simulation out-put for the base-line float at-ten-tion ker-nel (\OT1/zi4/m/n/12 attn[]baseline[]top\OT1/ptm/m/n/12 ) 
 []

[13]
Overfull \hbox (2.06851pt too wide) in paragraph at lines 67--67
 \OT1/ptm/m/n/12 and the re-fined per-head INT8 at-ten-tion at pro-to-type scale on the ZCU102.[][] [][]  
 []


Overfull \hbox (11.022pt too wide) in paragraph at lines 68--68
 \OT1/ptm/m/n/12 at-ten-tion block at $\OT1/ztmcm/m/n/12 150$$[]$\OT1/ptm/m/n/12 , for one head at max-i-mum con-text (\OT1/zi4/m/n/12 pos=256\OT1/ptm/m/n/12 , 
 []


Overfull \hbox (9.77257pt too wide) in paragraph at lines 68--68
 \OT1/zi4/m/n/12 MAXSIZE=257\OT1/ptm/m/n/12 ). The outer \OT1/zi4/m/n/12 multihead[]attention \OT1/ptm/m/n/12 loop over \OT1/zi4/m/n/12 n[]heads=2 
 []


Overfull \hbox (17.90564pt too wide) in paragraph at lines 72--72
 [][] [][][]\OT1/ptm/m/n/12 C-simulation \OT1/zi4/m/n/12 xb \OT1/ptm/m/n/12 out-puts for all four at-ten-tion it-er-a-tions at \OT1/zi4/m/n/12 pos=3\OT1/ptm/m/n/12 , \OT1/zi4/m/n/12 loff=0\OT1/ptm/m/n/12 . 
 []

[14]
Overfull \hbox (24.23691pt too wide) in paragraph at lines 75--75
 \OT1/ptm/m/n/12 ues dif-fer be-cause the full-scale ker-nel pro-cesses 32 heads at \OT1/zi4/m/n/12 head[]size=64 
 []


Overfull \hbox (0.86194pt too wide) in paragraph at lines 75--75
 \OT1/ptm/m/n/12 rather than 2 heads at \OT1/zi4/m/n/12 head[]size=4\OT1/ptm/m/n/12 , pro-duc-ing a dif-fer-ent out-put range 
 []


Overfull \hbox (0.84502pt too wide) in paragraph at lines 88--88
 [][] [][][]\OT1/ptm/m/n/12 Resource util-i-sa-tion of \OT1/zi4/m/n/12 ffn[]update3[]top \OT1/ptm/m/n/12 on the ZCU102 at full TinyL- 
 []

[15])
\tf@lot=\write7
\openout7 = `FYP.lot'.

 [16] (./Chapter1/chapter1.tex
Chapter 1.
[1


]) (./Chapter2/chapter2.tex [2]
Chapter 2.
[3

] [4] [5] [6] [7] [8]
Overfull \hbox (10.47935pt too wide) in paragraph at lines 424--429
\OT1/ptm/m/n/12 Since the sub-tracted con-stant can-cels be-tween nu-mer-a-tor and de-nom-i-na-tor, Equa-tion [][]2.13[][]
 []

[9] [10] [11]
<Chapter2/media/sparse_transformer_patterns.png, id=1003, 823.27576pt x 410.7345pt>
File: Chapter2/media/sparse_transformer_patterns.png Graphic file (type png)
<use Chapter2/media/sparse_transformer_patterns.png>
Package pdftex.def Info: Chapter2/media/sparse_transformer_patterns.png  used on input line 580.
(pdftex.def)             Requested size: 350.68274pt x 174.95782pt.
 [12 <./Chapter2/media/sparse_transformer_patterns.png>] [13]
Overfull \hbox (4.16345pt too wide) in paragraph at lines 708--717
[]\OT1/ptm/m/n/12 High-level syn-the-sis tools bridge the gap be-tween al-go-rith-mic de-scrip-tions in C/C++
 []

[14]
<Chapter2/media/hls_pipeline.png, id=1039, 259.56975pt x 111.41624pt>
File: Chapter2/media/hls_pipeline.png Graphic file (type png)
<use Chapter2/media/hls_pipeline.png>
Package pdftex.def Info: Chapter2/media/hls_pipeline.png  used on input line 742.
(pdftex.def)             Requested size: 226.91199pt x 97.40056pt.
<Chapter2/media/hls_unrolling.png, id=1043, 604.05675pt x 86.12175pt>
File: Chapter2/media/hls_unrolling.png Graphic file (type png)
<use Chapter2/media/hls_unrolling.png>
Package pdftex.def Info: Chapter2/media/hls_unrolling.png  used on input line 764.
(pdftex.def)             Requested size: 350.68274pt x 49.99927pt.
) (./Chapter3/chapter3.tex [15 <./Chapter2/media/hls_pipeline.png> <./Chapter2/media/hls_unrolling.png>] [16]
Chapter 3.
[17

] [18] [19]
Overfull \hbox (70.55664pt too wide) in paragraph at lines 147--161
 [][] 
 []

[20]

LaTeX Warning: Citation 'PLACEHOLDER' on page 21 undefined on input line 211.

) (./Chapter4/chapter4.tex [21]
Chapter 4.

Overfull \hbox (3.93605pt too wide) in paragraph at lines 57--61
[]\OT1/ptm/m/n/12 The pro-to-type di-men-sions were cho-sen de-lib-er-ately to keep ar-ray sizes small enough
 []

[22

]
Package hyperref Info: bookmark level for unknown lstlisting defaults to 0 on input line 90.
LaTeX Font Info:    Font shape `OT1/zi4/m/n' will be
(Font)              scaled to size 10.0pt on input line 90.
LaTeX Font Info:    Font shape `OT1/zi4/b/n' will be
(Font)              scaled to size 10.0pt on input line 91.


LaTeX Font Warning: Font shape `OT1/zi4/m/it' undefined
(Font)              using `OT1/zi4/m/n' instead on input line 111.

LaTeX Font Info:    Font shape `OT1/zi4/m/it' will be
(Font)              scaled to size 10.0pt on input line 111.
[23] [24]
LaTeX Font Info:    Trying to load font information for TS1+ptm on input line 224.
 (c:/texlive/2025/texmf-dist/tex/latex/psnfss/ts1ptm.fd
File: ts1ptm.fd 2001/06/04 font definitions for TS1/ptm.
) [25]
Overfull \hbox (5.29675pt too wide) in paragraph at lines 254--265
 [][] 
 []


Overfull \hbox (25.63327pt too wide) in paragraph at lines 290--299
\OT1/ptm/m/n/12 flected in the 26 DSPs con-sumed. The 8 floating-point mul-ti-pli-ers for the \OT1/zi4/m/n/12 weight$\OMS/ztmcm/m/n/12 ^^B$\OT1/zi4/m/n/12 (ss$\OMS/ztmcm/m/n/12 ^^B$\OT1/zi4/m/n/12 x)
 []

[26] [27] [28] [29]
Overfull \hbox (19.28827pt too wide) in paragraph at lines 525--534
\OT1/ptm/m/n/12 pa-ram-e-terised by the vec-tor length \OT1/zi4/m/n/12 S\OT1/ptm/m/n/12 , and out-puts re-sults through the \OT1/zi4/m/n/12 QuantizedTensor<S>
 []

[30] [31] [32] [33] [34] [35] [36]
Overfull \hbox (3.37003pt too wide) in paragraph at lines 915--924
[]\OT1/ptm/m/n/12 The to-tal la-tency of 10,362 cy-cles ($\OT1/ztmcm/m/n/12 69\OML/ztmcm/m/it/12 :\OT1/ztmcm/m/n/12 083$$[]$\OT1/ptm/m/n/12 ) is dom-i-nated by the \OT1/zi4/m/n/12 quantize[]2048[]s
 []

[37] [38] [39]
Overfull \hbox (20.24821pt too wide) in paragraph at lines 1119--1127
 [][] 
 []

[40]
Overfull \hbox (2.58453pt too wide) in paragraph at lines 1161--1172
\OT1/zi4/m/n/12 mask[]table \OT1/ptm/m/n/12 and \OT1/zi4/m/n/12 one[]half[]table\OT1/ptm/m/n/12 , which HLS in-fers to im-ple-ment the IEEE 754 round-
 []

[41] [42] [43] [44] [45] [46]
Overfull \hbox (45.71216pt too wide) in paragraph at lines 1537--1546
 [][] 
 []

[47] [48]
Overfull \hbox (11.12613pt too wide) in paragraph at lines 1654--1668
\OT1/ptm/m/n/12 DDR ac-cess. The in-ner-most \OT1/zi4/m/n/12 dot[]inner \OT1/ptm/m/n/12 loop car-ries the \OT1/zi4/m/n/12 UNROLL factor=PARALLEL[]MACS
 []


Overfull \hbox (27.02985pt too wide) in paragraph at lines 1669--1678
[]\OT1/ptm/m/n/12 Two compile-time con-stants gov-ern the area-performance trade-off. \OT1/zi4/m/n/12 PARALLEL[]MACS=16
 []

[49]
Overfull \hbox (5.07387pt too wide) in paragraph at lines 1682--1688
[]\OT1/ptm/m/n/12 The test-bench com-puted \OT1/zi4/m/n/12 matmul<2048,5632> \OT1/ptm/m/n/12 us-ing fixed-pattern weights and com-
 []


Overfull \hbox (25.42664pt too wide) in paragraph at lines 1713--1724
 [][] 
 []

[50] [51] [52] [53]
Overfull \hbox (3.25258pt too wide) in paragraph at lines 1933--1945
[]\OT1/ptm/m/n/12 C-simulation was per-formed for \OT1/zi4/m/n/12 softmax[]top\OT1/ptm/m/n/12 . The test-bench sup-plied a 16-element
 []


Overfull \hbox (5.90454pt too wide) in paragraph at lines 1933--1945
\OT1/ptm/m/n/12 the \OT1/zi4/m/n/12 loop[]tripcount \OT1/ptm/m/n/12 prag-mas. The in-put vec-tor $\OT1/ztmcm/m/n/12 [\OMS/ztmcm/m/n/12 ^^@\OT1/ztmcm/m/n/12 1\OML/ztmcm/m/it/12 :\OT1/ztmcm/m/n/12 2\OML/ztmcm/m/it/12 ; \OT1/ztmcm/m/n/12 0\OML/ztmcm/m/it/12 :\OT1/ztmcm/m/n/12 5\OML/ztmcm/m/it/12 ; \OT1/ztmcm/m/n/12 1\OML/ztmcm/m/it/12 :\OT1/ztmcm/m/n/12 8\OML/ztmcm/m/it/12 ; \OT1/ztmcm/m/n/12 4\OML/ztmcm/m/it/12 :\OT1/ztmcm/m/n/12 5\OML/ztmcm/m/it/12 ; \OMS/ztmcm/m/n/12 ^^@\OT1/ztmcm/m/n/12 0\OML/ztmcm/m/it/12 :\OT1/ztmcm/m/n/12 3\OML/ztmcm/m/it/12 ; \OT1/ztmcm/m/n/12 2\OML/ztmcm/m/it/12 :\OT1/ztmcm/m/n/12 1\OML/ztmcm/m/it/12 ; \OMS/ztmcm/m/n/12 ^^@\OT1/ztmcm/m/n/12 2\OML/ztmcm/m/it/12 :\OT1/ztmcm/m/n/12 7\OML/ztmcm/m/it/12 ; \OT1/ztmcm/m/n/12 0\OML/ztmcm/m/it/12 :\OT1/ztmcm/m/n/12 9]$
 []

[54] [55] [56]
Overfull \hbox (0.31346pt too wide) in paragraph at lines 2130--2144
[]\OT1/ptm/m/n/12 The third ker-nel it-er-a-tion (\OT1/zi4/m/n/12 forward[]fyp[]kvint8.cpp\OT1/ptm/m/n/12 ) in-tro-duces two pragma mod-
 []

[57] [58] [59]
Overfull \hbox (68.77415pt too wide) in paragraph at lines 2259--2268
[]\OT1/ptm/m/n/12 The func-tion sig-na-ture of \OT1/zi4/m/n/12 softmax[]ibert<MAX[]SIZE> \OT1/ptm/m/n/12 dif-fers from the legacy \OT1/zi4/m/n/12 softmax<MAXSIZE>
 []


Overfull \hbox (0.22545pt too wide) in paragraph at lines 2296--2305
[]\OT1/ptm/m/n/12 The test-bench sup-plied eight \OT1/zi4/m/n/12 int32 \OT1/ptm/m/n/12 logit val-ues $\OMS/ztmcm/m/n/12 f\OT1/ztmcm/m/n/12 10\OML/ztmcm/m/it/12 ; \OMS/ztmcm/m/n/12 ^^@\OT1/ztmcm/m/n/12 5\OML/ztmcm/m/it/12 ; \OT1/ztmcm/m/n/12 18\OML/ztmcm/m/it/12 ; \OT1/ztmcm/m/n/12 25\OML/ztmcm/m/it/12 ; \OMS/ztmcm/m/n/12 ^^@\OT1/ztmcm/m/n/12 3\OML/ztmcm/m/it/12 ; \OT1/ztmcm/m/n/12 21\OML/ztmcm/m/it/12 ; \OMS/ztmcm/m/n/12 ^^@\OT1/ztmcm/m/n/12 2\OML/ztmcm/m/it/12 ; \OT1/ztmcm/m/n/12 9\OMS/ztmcm/m/n/12 g$ \OT1/ptm/m/n/12 with
 []

[60] [61]
Overfull \hbox (12.048pt too wide) in paragraph at lines 2410--2419
[]\OT1/ptm/m/n/12 The defin-ing re-sult of this syn-the-sis is the DSP count of 3, all from the \OT1/zi4/m/n/12 softmax[]ibert
 []

[62]
Overfull \hbox (21.71669pt too wide) in paragraph at lines 2446--2460
\OT1/ptm/m/n/12 cal trick is ap-plied in the nor-mal-i-sa-tion step, com-put-ing \OT1/zi4/m/n/12 inv[]sum = 1.0f/(float)sum[]exp
 []


Overfull \hbox (3.17198pt too wide) in paragraph at lines 2446--2460
\OT1/ptm/m/n/12 once be-fore the \OT1/zi4/m/n/12 normalize \OT1/ptm/m/n/12 loop and mul-ti-ply-ing per el-e-ment, re-mov-ing the per-element
 []

[63] [64] [65]
Overfull \hbox (35.05875pt too wide) in paragraph at lines 2620--2633
[]\OT1/ptm/m/n/12 The 16 core BRAMs come en-tirely from the \OT1/zi4/m/n/12 exp[]results[2048] \OT1/ptm/m/n/12 buffer. At \OT1/zi4/m/n/12 MAX[]SIZE=16
 []

[66] [67]
Overfull \hbox (30.43396pt too wide) in paragraph at lines 2706--2714
[]\OT1/ptm/m/n/12 The lo-cal buffers \OT1/zi4/m/n/12 q[]buf\OT1/ptm/m/n/12 , \OT1/zi4/m/n/12 att[]buf\OT1/ptm/m/n/12 , and \OT1/zi4/m/n/12 xb[]buf \OT1/ptm/m/n/12 are each par-ti-tioned with \OT1/zi4/m/n/12 ARRAY[]PARTITION
 []


Overfull \hbox (13.12825pt too wide) in paragraph at lines 2715--2733
[]\OT1/ptm/m/n/12 An im-por-tant con-sid-er-a-tion con-cerns the \OT1/zi4/m/n/12 PIPELINE \OT1/ptm/m/n/12 pragma place-ment on the \OT1/zi4/m/n/12 iterate
 []

[68]
Underfull \hbox (badness 10000) in paragraph at lines 2801--2801
[]\OT1/ptm/m/n/12 Table 4.55: |C-simulation out-put for the base-line float at-ten-tion ker-nel
 []

[69]
Underfull \hbox (badness 1087) in paragraph at lines 2853--2853
\OT1/ptm/m/n/12 min-i-mum cor-re-sponds to \OT1/zi4/m/n/12 pos=0 \OT1/ptm/m/n/12 (one at-tended po-si-tion) and the max-i-mum to
 []

[70] [71]
Overfull \hbox (5.34052pt too wide) in paragraph at lines 2941--2956
[]\OT1/ptm/m/n/12 The sec-ond it-er-a-tion of the at-ten-tion mech-a-nism, im-ple-mented in \OT1/zi4/m/n/12 forward[]fyp.cpp\OT1/ptm/m/n/12 ,
 []

[72]
Overfull \hbox (33.76175pt too wide) in paragraph at lines 3016--3027
\OT1/ptm/m/n/12 where $[]$ is the INT8 quan-tised value el-e-ment. The ac-cu-mu-la-tion tar-get \OT1/zi4/m/n/12 xb[]accum[head[]size]
 []

[73] [74] [75]
Underfull \hbox (badness 3118) in paragraph at lines 3165--3165
\OT1/ptm/m/n/12 at-ten-tion block at $\OT1/ztmcm/m/n/12 150$$[]$\OT1/ptm/m/n/12 , for one head at max-i-mum con-text (\OT1/zi4/m/n/12 pos=256\OT1/ptm/m/n/12 ,
 []

[76]
Overfull \hbox (2.61717pt too wide) in paragraph at lines 3232--3241
[]\OT1/ptm/m/n/12 The func-tion sig-na-ture gains two new AXI ar-gu-ments. \OT1/zi4/m/n/12 key[]cache \OT1/ptm/m/n/12 and \OT1/zi4/m/n/12 value[]cache
 []

[77] [78] [79] [80]
Overfull \hbox (59.95523pt too wide) in paragraph at lines 3455--3465
\OT1/ptm/m/n/12 be-fore stor-ing, is split into two parts. Only the K-scale par-tial re-sult \OT1/zi4/m/n/12 (int32[]t)((float)score[]int
 []


Overfull \hbox (25.58752pt too wide) in paragraph at lines 3455--3465
\OT1/ptm/m/n/12 soft-max call. Af-ter the po-si-tion loop, the de-ferred fac-tors are com-bined as \OT1/zi4/m/n/12 remaining[]scale
 []

[81] [82]
Overfull \hbox (14.28447pt too wide) in paragraph at lines 3548--3564
 [][] 
 []


Overfull \hbox (48.02858pt too wide) in paragraph at lines 3568--3578
\OT1/ptm/m/n/12 metic that can-not be avoided in the cur-rent de-sign, namely four \OT1/zi4/m/n/12 fmul[]32ns[]32ns[]32[]4[]max[]dsp[]1
 []


Overfull \hbox (6.14961pt too wide) in paragraph at lines 3568--3578
\OT1/ptm/m/n/12 in-stances (3 DSPs each) for \OT1/zi4/m/n/12 remaining[]scale\OT1/ptm/m/n/12 , \OT1/zi4/m/n/12 combined[]scale\OT1/ptm/m/n/12 , and the \OT1/zi4/m/n/12 val[]scaled[]f
 []


Overfull \hbox (4.9241pt too wide) in paragraph at lines 3568--3578
\OT1/ptm/m/n/12 mul-ti-pli-ca-tion in-side \OT1/zi4/m/n/12 softmax[]ibert\OT1/ptm/m/n/12 , plus 2 DSPs each in the \OT1/zi4/m/n/12 iterate \OT1/ptm/m/n/12 and \OT1/zi4/m/n/12 acc \OT1/ptm/m/n/12 pipeline
 []

[83]
Overfull \hbox (0.70436pt too wide) in paragraph at lines 3584--3592
\OT1/ztmcm/m/n/12 1\OML/ztmcm/m/it/12 :\OT1/ztmcm/m/n/12 800$$[]$ \OT1/ptm/m/n/12 un-cer-tainty ex-haust-ing the bud-get with zero slack. This re-solves the $\OMS/ztmcm/m/n/12 ^^@\OT1/ztmcm/m/n/12 0\OML/ztmcm/m/it/12 :\OT1/ztmcm/m/n/12 217$$[]$
 []


Overfull \hbox (16.5167pt too wide) in paragraph at lines 3611--3632
[]\OT1/ptm/m/n/12 The sixth it-er-a-tion scales the at-ten-tion block to full TinyL-lama di-men-sions (\OT1/zi4/m/n/12 dim=2048\OT1/ptm/m/n/12 ,
 []


Overfull \hbox (1.94583pt too wide) in paragraph at lines 3611--3632
\OT1/zi4/m/n/12 n[]heads=32\OT1/ptm/m/n/12 , \OT1/zi4/m/n/12 n[]kv[]heads=4\OT1/ptm/m/n/12 , \OT1/zi4/m/n/12 seq[]len=2048\OT1/ptm/m/n/12 , \OT1/zi4/m/n/12 head[]size=64\OT1/ptm/m/n/12 ), shown in List-ing [][]4.14[][].
 []


Overfull \hbox (5.25453pt too wide) in paragraph at lines 3611--3632
\OT1/zi4/m/n/12 value[]loop\OT1/ptm/m/n/12 ) and ap-plied only to the in-ner \OT1/zi4/m/n/12 k[]load \OT1/ptm/m/n/12 and \OT1/zi4/m/n/12 v[]load \OT1/ptm/m/n/12 loops. At \OT1/zi4/m/n/12 head[]size=64\OT1/ptm/m/n/12 ,
 []


Overfull \hbox (3.72264pt too wide) in paragraph at lines 3611--3632
\OT1/ptm/m/n/12 the fully-unrolled in-ner loop sat-u-rates the adapter's re-quest queue and stalls the pipeline.
 []

[84] [85]
Overfull \hbox (15.09966pt too wide) in paragraph at lines 3711--3718
\OT1/ptm/m/n/12 with INT8 KV caches pre-populated for po-si-tions 0--3 us-ing the same \OT1/zi4/m/n/12 quantise[]to[]cache
 []

[86] [87]
Overfull \hbox (18.81857pt too wide) in paragraph at lines 3835--3849
[]\OT1/ptm/m/n/12 The to-tal la-tency spans from 206,200 cy-cles at \OT1/zi4/m/n/12 pos=0 \OT1/ptm/m/n/12 to 13,510,040 cy-cles ($\OT1/ztmcm/m/n/12 90\OML/ztmcm/m/it/12 :\OT1/ztmcm/m/n/12 071$$[]$\OT1/ptm/m/n/12 )
 []

[88]
Overfull \hbox (8.14198pt too wide) in paragraph at lines 3871--3886
\OT1/zi4/m/n/12 combined[]scale\OT1/ptm/m/n/12 , \OT1/zi4/m/n/12 q[]scale[]val\OT1/ptm/m/n/12 , and \OT1/zi4/m/n/12 remaining[]scale\OT1/ptm/m/n/12 ), con-sum-ing $\OT1/ztmcm/m/n/12 64 \OMS/ztmcm/m/n/12 ^^B \OT1/ztmcm/m/n/12 3 = 192$ \OT1/ptm/m/n/12 DSPs.
 []


Overfull \hbox (26.25534pt too wide) in paragraph at lines 3897--3904
[]\OT1/ptm/m/n/12 The SwiGLU FFN block is first en-abled in the fifth ker-nel it-er-a-tion (\OT1/zi4/m/n/12 FFN[]baseline.cpp\OT1/ptm/m/n/12 ).
 []


Overfull \hbox (15.96007pt too wide) in paragraph at lines 3905--3913
[]\OT1/ptm/m/n/12 After the FFN RM-SNorm, the ac-ti-va-tion \OT1/zi4/m/n/12 xb \OT1/ptm/m/n/12 is quan-tised into \OT1/zi4/m/n/12 xq \OT1/ptm/m/n/12 us-ing \OT1/zi4/m/n/12 quantize<dim>\OT1/ptm/m/n/12 .
 []

[89] [90]
Overfull \hbox (48.32964pt too wide) in paragraph at lines 4036--4051
 [][] 
 []

[91] [92] [93]
Overfull \hbox (14.87128pt too wide) in paragraph at lines 4149--4159
\OT1/zi4/m/n/12 SiLU(hb[i]) * hb2[i] \OT1/ptm/m/n/12 element-wise. The change from \OT1/zi4/m/n/12 UNROLL factor=4 \OT1/ptm/m/n/12 to \OT1/zi4/m/n/12 factor=16
 []

[94]
Overfull \hbox (4.22968pt too wide) in paragraph at lines 4224--4237
 [][] 
 []

[95] [96]
LaTeX Font Info:    Font shape `OT1/zi4/b/n' will be
(Font)              scaled to size 14.4pt on input line 4366.
 [97]) (./Chapter5/chapter5.tex [98]
Chapter 5.

Overfull \hbox (18.11098pt too wide) in paragraph at lines 22--29
\OT1/ptm/m/n/12 the AXI in-ter-face re-struc-tur-ing for the at-ten-tion loops, and the cor-rected \OT1/zi4/m/n/12 QuantizedTensor
 []

[99

] [100] [101]
Overfull \hbox (16.51123pt too wide) in paragraph at lines 199--212
\OT1/ptm/m/n/12 ti-pli-ca-tions. At \OT1/zi4/m/n/12 pos=0\OT1/ptm/m/n/12 , the three FFN pro-jec-tions ac-count for ap-prox-i-mately $\OT1/ztmcm/m/n/12 12[]744[]452 +
 []

[102]
Overfull \hbox (68.83493pt too wide) in paragraph at lines 227--250
 [][] 
 []

[103]
Overfull \hbox (1.69168pt too wide) in paragraph at lines 310--317
[]\OT1/ptm/m/n/12 These er-ror fig-ures are mea-sured against a float ref-er-ence us-ing randomly-initialised
 []

[104]) (./Chapter6/chapter6.tex [105]
Chapter 6.
) [106

] [107] [108


] [109

] [110

]
Overfull \hbox (52.87485pt too wide) in paragraph at lines 290--290
[]\OT1/ptm/m/n/12 K. Choro-man-ski et al., ``Re-think-ing at-ten-tion with per-form-ers,'' \OT1/ptm/m/it/12 CoRR\OT1/ptm/m/n/12 , vol. abs/2009.14794,
 []


Overfull \hbox (13.78719pt too wide) in paragraph at lines 290--290
\OT1/ptm/m/n/12 Fast au-tore-gres-sive trans-form-ers with lin-ear at-ten-tion,'' \OT1/ptm/m/it/12 CoRR\OT1/ptm/m/n/12 , vol. abs/2006.16236,
 []


Overfull \hbox (19.47581pt too wide) in paragraph at lines 290--290
\OT1/ptm/m/n/12 level syn-the-sis codes for high-performance com-put-ing,'' \OT1/ptm/m/it/12 CoRR\OT1/ptm/m/n/12 , vol. abs/1805.08288,
 []

[111] (./Appendices/appendix.tex [112]
Appendix A.
[113

] [114] [115] [116] [117] [118] [119] [120]) [121] (./FYP.aux)
 ***********
LaTeX2e <2025-11-01>
L3 programming layer <2026-01-19>
 ***********


LaTeX Font Warning: Some font shapes were not available, defaults substituted.

Package rerunfilecheck Info: File `FYP.out' has not changed.
(rerunfilecheck)             Checksum: 268EAD3D865E9E33353DA5238F33E71E;16944.
Package logreq Info: Writing requests to 'FYP.run.xml'.
\openout1 = `FYP.run.xml'.

 ) 
Here is how much of TeX's memory you used:
 31358 strings out of 467533
 596858 string characters out of 5423669
 1670263 words of memory out of 5000000
 58612 multiletter control sequences out of 15000+600000
 666737 words of font info for 121 fonts, out of 8000000 for 9000
 1141 hyphenation exceptions out of 8191
 63i,13n,97p,1266b,3171s stack positions out of 10000i,1000n,20000p,200000b,200000s
<c:/texlive/2025/texmf-dist/fonts/type1/public/inconsolata/Inconsolata-zi4b.pfb><c:/texlive/2025/texmf-dist/fonts/type1/public/inconsolata/Inconsolata-zi4r.pfb><c:/texlive/2025/texmf-dist/fonts/type1/public/amsfonts/cm/cmex10.pfb><c:/texlive/2025/texmf-dist/fonts/type1/public/amsfonts/cm/cmmi10.pfb><c:/texlive/2025/texmf-dist/fonts/type1/public/amsfonts/cm/cmr10.pfb><c:/texlive/2025/texmf-dist/fonts/type1/public/amsfonts/cm/cmsy10.pfb><c:/texlive/2025/texmf-dist/fonts/type1/public/amsfonts/symbols/msbm10.pfb><c:/texlive/2025/texmf-dist/fonts/type1/public/rsfs/rsfs10.pfb><c:/texlive/2025/texmf-dist/fonts/type1/urw/symbol/usyr.pfb><c:/texlive/2025/texmf-dist/fonts/type1/urw/symbol/usyr.pfb><c:/texlive/2025/texmf-dist/fonts/type1/urw/times/utmb8a.pfb><c:/texlive/2025/texmf-dist/fonts/type1/urw/times/utmr8a.pfb><c:/texlive/2025/texmf-dist/fonts/type1/urw/times/utmri8a.pfb>
Output written on FYP.pdf (138 pages, 848135 bytes).
PDF statistics:
 2910 PDF objects out of 2984 (max. 8388607)
 2703 compressed objects within 28 object streams
 1260 named destinations out of 1440 (max. 500000)
 813 words of extra memory for PDF output out of 10000 (max. 10000000)

